TpTrace Verbose: 0 : 38624, 1, 2022/08/30, 08:57:58.809, 2627171481899, testhost.dll, Version: 17.1.0
TpTrace Information: 0 : 38624, 1, 2022/08/30, 08:57:58.815, 2627171529276, testhost.dll, DefaultEngineInvoker.Invoke: Testhost process started with args :[--port, 63476],[--endpoint, 127.0.0.1:063476],[--role, client],[--parentprocessid, 41176],[--diag, C:\ContenedoresAPI\xUnit.ContenedoresRest\bin\Debug\net6.0\fine-code-coverage\coverage-tool-output\diagnostics.host.22-08-30_08-57-58_66693_5.log],[--tracelevel, 4],[--datacollectionport, 63475],[--telemetryoptedin, false]
TpTrace Information: 0 : 38624, 1, 2022/08/30, 08:57:58.819, 2627171572186, testhost.dll, Setting up debug trace listener.
TpTrace Verbose: 0 : 38624, 1, 2022/08/30, 08:57:58.820, 2627171577974, testhost.dll, TestPlatformTraceListener.Setup: Replacing listener 0 with TestHostTraceListener.
TpTrace Verbose: 0 : 38624, 1, 2022/08/30, 08:57:58.820, 2627171578822, testhost.dll, TestPlatformTraceListener.Setup: Added test platform trace listener.
TpTrace Information: 0 : 38624, 1, 2022/08/30, 08:57:58.822, 2627171603403, testhost.dll, DefaultEngineInvoker.SetParentProcessExitCallback: Monitoring parent process with id: '41176'
TpTrace Information: 0 : 38624, 1, 2022/08/30, 08:57:58.833, 2627171707118, testhost.dll, DefaultEngineInvoker.GetConnectionInfo: Initialize communication on endpoint address: '127.0.0.1:063476'
TpTrace Information: 0 : 38624, 1, 2022/08/30, 08:57:58.842, 2627171799461, testhost.dll, SocketClient.Start: connecting to server endpoint: 127.0.0.1:063476
TpTrace Information: 0 : 38624, 1, 2022/08/30, 08:57:58.847, 2627171850674, testhost.dll, DefaultEngineInvoker.ConnectToDatacollector: Connecting to datacollector, port: 63475
TpTrace Information: 0 : 38624, 9, 2022/08/30, 08:57:58.849, 2627171867863, testhost.dll, SocketClient.OnServerConnected: connected to server endpoint: 127.0.0.1:063476
TpTrace Verbose: 0 : 38624, 9, 2022/08/30, 08:57:58.850, 2627171883369, testhost.dll, Connected to server, and starting MessageLoopAsync
TpTrace Information: 0 : 38624, 1, 2022/08/30, 08:57:58.851, 2627171885688, testhost.dll, Trying to connect to server on socket : 127.0.0.1:63475 
TpTrace Verbose: 0 : 38624, 1, 2022/08/30, 08:57:58.851, 2627171888301, testhost.dll, SocketCommunicationManager : SetupClientAsync : Attempting to connect to the server.
TpTrace Information: 0 : 38624, 11, 2022/08/30, 08:57:58.852, 2627171900702, testhost.dll, Connected to the server successfully 
TpTrace Information: 0 : 38624, 11, 2022/08/30, 08:57:58.852, 2627171901725, testhost.dll, Using the buffer size of 16384 bytes
TpTrace Information: 0 : 38624, 1, 2022/08/30, 08:57:58.852, 2627171904886, testhost.dll, DefaultEngineInvoker.Invoke: Start Request Processing.
TpTrace Verbose: 0 : 38624, 10, 2022/08/30, 08:57:58.853, 2627171910861, testhost.dll, TcpClientExtensions.MessageLoopAsync: Polling on remoteEndPoint: [::ffff:127.0.0.1]:63476 localEndPoint: [::ffff:127.0.0.1]:63477
TpTrace Information: 0 : 38624, 12, 2022/08/30, 08:57:58.853, 2627171912523, testhost.dll, DefaultEngineInvoker.StartProcessingAsync: Connected to vstest.console, Starting process requests.
TpTrace Verbose: 0 : 38624, 10, 2022/08/30, 08:57:58.853, 2627171913767, testhost.dll, TcpClientExtensions.MessageLoopAsync: NotifyDataAvailable remoteEndPoint: [::ffff:127.0.0.1]:63476 localEndPoint: [::ffff:127.0.0.1]:63477
TpTrace Information: 0 : 38624, 10, 2022/08/30, 08:57:58.980, 2627173184301, testhost.dll, TestRequestHandler.OnMessageReceived: received message: (ProtocolVersion) -> 6
TpTrace Verbose: 0 : 38624, 10, 2022/08/30, 08:57:59.025, 2627173631336, testhost.dll, TestRequestHandler.SendData:  sending data from testhost: {"Version":5,"MessageType":"TestSession.Message","Payload":{"MessageLevel":0,"Message":"Registrando diagnóstico de TestHost en el archivo: C:\\ContenedoresAPI\\xUnit.ContenedoresRest\\bin\\Debug\\net6.0\\fine-code-coverage\\coverage-tool-output\\diagnostics.host.22-08-30_08-57-58_66693_5.log"}}
TpTrace Verbose: 0 : 38624, 10, 2022/08/30, 08:57:59.025, 2627173633494, testhost.dll, TcpClientExtensions.MessageLoopAsync: Polling on remoteEndPoint: [::ffff:127.0.0.1]:63476 localEndPoint: [::ffff:127.0.0.1]:63477
TpTrace Verbose: 0 : 38624, 10, 2022/08/30, 08:57:59.025, 2627173634376, testhost.dll, TcpClientExtensions.MessageLoopAsync: NotifyDataAvailable remoteEndPoint: [::ffff:127.0.0.1]:63476 localEndPoint: [::ffff:127.0.0.1]:63477
TpTrace Information: 0 : 38624, 10, 2022/08/30, 08:57:59.029, 2627173666879, testhost.dll, TestRequestHandler.OnMessageReceived: received message: (TestExecution.Initialize) -> [
  "C:\\ContenedoresAPI\\xUnit.ContenedoresRest\\bin\\Debug\\net6.0\\fine-code-coverage\\build-output\\NUnit3.TestAdapter.dll",
  "C:\\ContenedoresAPI\\xUnit.ContenedoresRest\\bin\\Debug\\net6.0\\fine-code-coverage\\build-output\\xunit.runner.visualstudio.dotnetcore.testadapter.dll"
]
TpTrace Verbose: 0 : 38624, 10, 2022/08/30, 08:57:59.034, 2627173719121, testhost.dll, TcpClientExtensions.MessageLoopAsync: Polling on remoteEndPoint: [::ffff:127.0.0.1]:63476 localEndPoint: [::ffff:127.0.0.1]:63477
TpTrace Verbose: 0 : 38624, 10, 2022/08/30, 08:57:59.034, 2627173720410, testhost.dll, TcpClientExtensions.MessageLoopAsync: NotifyDataAvailable remoteEndPoint: [::ffff:127.0.0.1]:63476 localEndPoint: [::ffff:127.0.0.1]:63477
TpTrace Information: 0 : 38624, 4, 2022/08/30, 08:57:59.034, 2627173722574, testhost.dll, TestRequestHandler.OnMessageReceived: Running job 'TestExecution.Initialize'.
TpTrace Verbose: 0 : 38624, 4, 2022/08/30, 08:57:59.036, 2627173739114, testhost.dll, TestExecutorService: Loading the extensions
TpTrace Information: 0 : 38624, 10, 2022/08/30, 08:57:59.036, 2627173742802, testhost.dll, TestRequestHandler.OnMessageReceived: received message: (TestExecution.StartWithSources) -> {
  "AdapterSourceMap": {
    "_none_": [
      "C:\\ContenedoresAPI\\xUnit.ContenedoresRest\\bin\\Debug\\net6.0\\fine-code-coverage\\build-output\\xUnit.ContenedoresRest.dll"
    ]
  },
  "RunSettings": "<RunSettings>\r\n  <RunConfiguration>\r\n    <ResultsDirectory>C:\\ContenedoresAPI\\xUnit.ContenedoresRest\\bin\\Debug\\net6.0\\fine-code-coverage\\coverage-tool-output</ResultsDirectory>\r\n    <TargetFrameworkVersion>.NETCoreApp,Version=v6.0</TargetFrameworkVersion>\r\n    <DesignMode>False</DesignMode>\r\n    <CollectSourceInformation>False</CollectSourceInformation>\r\n  </RunConfiguration>\r\n  <LoggerRunSettings>\r\n    <Loggers>\r\n      <Logger friendlyName=\"blame\" enabled=\"True\" />\r\n      <Logger friendlyName=\"Console\" uri=\"logger://microsoft/TestPlatform/ConsoleLogger/v1\" assemblyQualifiedName=\"Microsoft.VisualStudio.TestPlatform.CommandLine.Internal.ConsoleLogger, vstest.console, Version=15.0.0.0, Culture=neutral, PublicKeyToken=b03f5f7f11d50a3a\" codeBase=\"C:\\Program Files\\dotnet\\sdk\\6.0.302\\vstest.console.dll\" enabled=\"True\" />\r\n    </Loggers>\r\n  </LoggerRunSettings>\r\n  <DataCollectionRunSettings>\r\n    <DataCollectors>\r\n      <DataCollector friendlyName=\"blame\" enabled=\"True\">\r\n        <Configuration>\r\n          <ResultsDirectory>C:\\ContenedoresAPI\\xUnit.ContenedoresRest\\bin\\Debug\\net6.0\\fine-code-coverage\\coverage-tool-output</ResultsDirectory>\r\n        </Configuration>\r\n      </DataCollector>\r\n    </DataCollectors>\r\n  </DataCollectionRunSettings>\r\n</RunSettings>",
  "TestExecutionContext": {
    "FrequencyOfRunStatsChangeEvent": 10,
    "RunStatsChangeEventTimeout": "00:00:01.5000000",
    "InIsolation": false,
    "KeepAlive": false,
    "AreTestCaseLevelEventsRequired": false,
    "IsDebug": false,
    "TestCaseFilter": null,
    "FilterOptions": null
  },
  "Package": null
}
TpTrace Verbose: 0 : 38624, 4, 2022/08/30, 08:57:59.037, 2627173752485, testhost.dll, TestPluginCache.DiscoverTestExtensions: finding test extensions in assemblies ends with: TestAdapter.dll TPluginInfo: Microsoft.VisualStudio.TestPlatform.Common.ExtensionFramework.Utilities.TestExecutorPluginInformation TExtension: Microsoft.VisualStudio.TestPlatform.ObjectModel.Adapter.ITestExecutor
TpTrace Verbose: 0 : 38624, 4, 2022/08/30, 08:57:59.038, 2627173760176, testhost.dll, TestPluginCache.GetExtensionPaths: Filtered extension paths: 
TpTrace Verbose: 0 : 38624, 4, 2022/08/30, 08:57:59.038, 2627173763633, testhost.dll, TestPluginCache.GetExtensionPaths: Added default extension paths: C:\ContenedoresAPI\xUnit.ContenedoresRest\bin\Debug\net6.0\fine-code-coverage\build-output\NUnit3.TestAdapter.dll
C:\ContenedoresAPI\xUnit.ContenedoresRest\bin\Debug\net6.0\fine-code-coverage\build-output\xunit.runner.visualstudio.dotnetcore.testadapter.dll
TpTrace Verbose: 0 : 38624, 4, 2022/08/30, 08:57:59.038, 2627173764188, testhost.dll, TestPluginCache.GetExtensionPaths: Added unfilterableExtensionPaths: 
TpTrace Information: 0 : 38624, 4, 2022/08/30, 08:57:59.039, 2627173775499, testhost.dll, AssemblyResolver.ctor: Creating AssemblyResolver with searchDirectories C:\ContenedoresAPI\xUnit.ContenedoresRest\bin\Debug\net6.0\fine-code-coverage\build-output
TpTrace Verbose: 0 : 38624, 4, 2022/08/30, 08:57:59.040, 2627173784565, testhost.dll, TestPluginCache.DiscoverTestExtensions: Discovering the extensions using extension path.
TpTrace Verbose: 0 : 38624, 4, 2022/08/30, 08:57:59.041, 2627173786121, testhost.dll, TestPluginCache.GetExtensionPaths: Filtered extension paths: 
TpTrace Verbose: 0 : 38624, 4, 2022/08/30, 08:57:59.041, 2627173786383, testhost.dll, TestPluginCache.GetExtensionPaths: Added default extension paths: C:\ContenedoresAPI\xUnit.ContenedoresRest\bin\Debug\net6.0\fine-code-coverage\build-output\NUnit3.TestAdapter.dll
C:\ContenedoresAPI\xUnit.ContenedoresRest\bin\Debug\net6.0\fine-code-coverage\build-output\xunit.runner.visualstudio.dotnetcore.testadapter.dll
TpTrace Verbose: 0 : 38624, 4, 2022/08/30, 08:57:59.041, 2627173786547, testhost.dll, TestPluginCache.GetExtensionPaths: Added unfilterableExtensionPaths: 
TpTrace Verbose: 0 : 38624, 4, 2022/08/30, 08:57:59.041, 2627173786976, testhost.dll, TestPluginCache.DiscoverTestExtensions: Discovering the extensions using allExtensionPaths: C:\ContenedoresAPI\xUnit.ContenedoresRest\bin\Debug\net6.0\fine-code-coverage\build-output\NUnit3.TestAdapter.dll
C:\ContenedoresAPI\xUnit.ContenedoresRest\bin\Debug\net6.0\fine-code-coverage\build-output\xunit.runner.visualstudio.dotnetcore.testadapter.dll
TpTrace Information: 0 : 38624, 4, 2022/08/30, 08:57:59.041, 2627173794168, testhost.dll, AssemblyResolver.AddSearchDirectories: Adding more searchDirectories C:\ContenedoresAPI\xUnit.ContenedoresRest\bin\Debug\net6.0\fine-code-coverage\build-output
TpTrace Information: 0 : 38624, 4, 2022/08/30, 08:57:59.042, 2627173795661, testhost.dll, AssemblyResolver.AddSearchDirectories: Adding more searchDirectories C:\ContenedoresAPI\xUnit.ContenedoresRest\bin\Debug\net6.0\fine-code-coverage\build-output
TpTrace Information: 0 : 38624, 4, 2022/08/30, 08:57:59.046, 2627173838064, testhost.dll, AssemblyResolver.OnResolve: NUnit3.TestAdapter: Resolving assembly.
TpTrace Information: 0 : 38624, 4, 2022/08/30, 08:57:59.046, 2627173839393, testhost.dll, AssemblyResolver.OnResolve: NUnit3.TestAdapter: Searching in: 'C:\ContenedoresAPI\xUnit.ContenedoresRest\bin\Debug\net6.0\fine-code-coverage\build-output'.
TpTrace Information: 0 : 38624, 4, 2022/08/30, 08:57:59.047, 2627173848619, testhost.dll, AssemblyResolver.OnResolve: NUnit3.TestAdapter: Loading assembly 'C:\ContenedoresAPI\xUnit.ContenedoresRest\bin\Debug\net6.0\fine-code-coverage\build-output\NUnit3.TestAdapter.dll'.
TpTrace Information: 0 : 38624, 4, 2022/08/30, 08:57:59.047, 2627173854769, testhost.dll, AssemblyResolver.OnResolve: Resolved assembly: NUnit3.TestAdapter, from path: C:\ContenedoresAPI\xUnit.ContenedoresRest\bin\Debug\net6.0\fine-code-coverage\build-output\NUnit3.TestAdapter.dll
TpTrace Information: 0 : 38624, 4, 2022/08/30, 08:57:59.058, 2627173961668, testhost.dll, AssemblyResolver.OnResolve: nunit.engine.api: Resolving assembly.
TpTrace Information: 0 : 38624, 4, 2022/08/30, 08:57:59.058, 2627173963019, testhost.dll, AssemblyResolver.OnResolve: nunit.engine.api: Searching in: 'C:\ContenedoresAPI\xUnit.ContenedoresRest\bin\Debug\net6.0\fine-code-coverage\build-output'.
TpTrace Information: 0 : 38624, 4, 2022/08/30, 08:57:59.059, 2627173966286, testhost.dll, AssemblyResolver.OnResolve: nunit.engine.api: Loading assembly 'C:\ContenedoresAPI\xUnit.ContenedoresRest\bin\Debug\net6.0\fine-code-coverage\build-output\nunit.engine.api.dll'.
TpTrace Verbose: 0 : 38624, 10, 2022/08/30, 08:57:59.059, 2627173966287, testhost.dll, TcpClientExtensions.MessageLoopAsync: Polling on remoteEndPoint: [::ffff:127.0.0.1]:63476 localEndPoint: [::ffff:127.0.0.1]:63477
TpTrace Information: 0 : 38624, 4, 2022/08/30, 08:57:59.059, 2627173969843, testhost.dll, AssemblyResolver.OnResolve: Resolved assembly: nunit.engine.api, from path: C:\ContenedoresAPI\xUnit.ContenedoresRest\bin\Debug\net6.0\fine-code-coverage\build-output\nunit.engine.api.dll
TpTrace Information: 0 : 38624, 4, 2022/08/30, 08:57:59.062, 2627173996863, testhost.dll, AssemblyResolver.OnResolve: xunit.runner.visualstudio.dotnetcore.testadapter: Resolving assembly.
TpTrace Information: 0 : 38624, 4, 2022/08/30, 08:57:59.062, 2627173998980, testhost.dll, AssemblyResolver.OnResolve: xunit.runner.visualstudio.dotnetcore.testadapter: Searching in: 'C:\ContenedoresAPI\xUnit.ContenedoresRest\bin\Debug\net6.0\fine-code-coverage\build-output'.
TpTrace Information: 0 : 38624, 4, 2022/08/30, 08:57:59.062, 2627174004264, testhost.dll, AssemblyResolver.OnResolve: xunit.runner.visualstudio.dotnetcore.testadapter: Loading assembly 'C:\ContenedoresAPI\xUnit.ContenedoresRest\bin\Debug\net6.0\fine-code-coverage\build-output\xunit.runner.visualstudio.dotnetcore.testadapter.dll'.
TpTrace Information: 0 : 38624, 4, 2022/08/30, 08:57:59.063, 2627174010965, testhost.dll, AssemblyResolver.OnResolve: Resolved assembly: xunit.runner.visualstudio.dotnetcore.testadapter, from path: C:\ContenedoresAPI\xUnit.ContenedoresRest\bin\Debug\net6.0\fine-code-coverage\build-output\xunit.runner.visualstudio.dotnetcore.testadapter.dll
TpTrace Information: 0 : 38624, 4, 2022/08/30, 08:57:59.064, 2627174024122, testhost.dll, AssemblyResolver.OnResolve: xunit.runner.utility.netcoreapp10: Resolving assembly.
TpTrace Information: 0 : 38624, 4, 2022/08/30, 08:57:59.064, 2627174025250, testhost.dll, AssemblyResolver.OnResolve: xunit.runner.utility.netcoreapp10: Searching in: 'C:\ContenedoresAPI\xUnit.ContenedoresRest\bin\Debug\net6.0\fine-code-coverage\build-output'.
TpTrace Information: 0 : 38624, 4, 2022/08/30, 08:57:59.065, 2627174027619, testhost.dll, AssemblyResolver.OnResolve: xunit.runner.utility.netcoreapp10: Loading assembly 'C:\ContenedoresAPI\xUnit.ContenedoresRest\bin\Debug\net6.0\fine-code-coverage\build-output\xunit.runner.utility.netcoreapp10.dll'.
TpTrace Information: 0 : 38624, 4, 2022/08/30, 08:57:59.065, 2627174032388, testhost.dll, AssemblyResolver.OnResolve: Resolved assembly: xunit.runner.utility.netcoreapp10, from path: C:\ContenedoresAPI\xUnit.ContenedoresRest\bin\Debug\net6.0\fine-code-coverage\build-output\xunit.runner.utility.netcoreapp10.dll
TpTrace Verbose: 0 : 38624, 4, 2022/08/30, 08:57:59.070, 2627174078506, testhost.dll, TestPluginCache: Discovered the extensions using extension path ''.
TpTrace Verbose: 0 : 38624, 4, 2022/08/30, 08:57:59.070, 2627174082112, testhost.dll, TestPluginCache: Discoverers are ''.
TpTrace Verbose: 0 : 38624, 4, 2022/08/30, 08:57:59.070, 2627174082654, testhost.dll, TestPluginCache: Executors are 'executor://NUnit3TestExecutor,executor://xunit/VsTestRunner2/netcoreapp'.
TpTrace Verbose: 0 : 38624, 4, 2022/08/30, 08:57:59.070, 2627174083000, testhost.dll, TestPluginCache: Executors2 are ''.
TpTrace Verbose: 0 : 38624, 4, 2022/08/30, 08:57:59.070, 2627174083360, testhost.dll, TestPluginCache: Setting providers are ''.
TpTrace Verbose: 0 : 38624, 4, 2022/08/30, 08:57:59.070, 2627174083660, testhost.dll, TestPluginCache: Loggers are ''.
TpTrace Verbose: 0 : 38624, 4, 2022/08/30, 08:57:59.072, 2627174103983, testhost.dll, TestPluginCache.DiscoverTestExtensions: finding test extensions in assemblies ends with: TestAdapter.dll TPluginInfo: Microsoft.VisualStudio.TestPlatform.Common.ExtensionFramework.Utilities.TestExecutorPluginInformation2 TExtension: Microsoft.VisualStudio.TestPlatform.ObjectModel.Adapter.ITestExecutor2
TpTrace Verbose: 0 : 38624, 4, 2022/08/30, 08:57:59.073, 2627174107744, testhost.dll, TestPluginCache.GetExtensionPaths: Filtered extension paths: 
TpTrace Verbose: 0 : 38624, 4, 2022/08/30, 08:57:59.073, 2627174108470, testhost.dll, TestPluginCache.GetExtensionPaths: Added default extension paths: C:\ContenedoresAPI\xUnit.ContenedoresRest\bin\Debug\net6.0\fine-code-coverage\build-output\NUnit3.TestAdapter.dll
C:\ContenedoresAPI\xUnit.ContenedoresRest\bin\Debug\net6.0\fine-code-coverage\build-output\xunit.runner.visualstudio.dotnetcore.testadapter.dll
TpTrace Verbose: 0 : 38624, 4, 2022/08/30, 08:57:59.073, 2627174108640, testhost.dll, TestPluginCache.GetExtensionPaths: Added unfilterableExtensionPaths: 
TpTrace Information: 0 : 38624, 4, 2022/08/30, 08:57:59.073, 2627174110637, testhost.dll, AssemblyResolver.AddSearchDirectories: Adding more searchDirectories C:\ContenedoresAPI\xUnit.ContenedoresRest\bin\Debug\net6.0\fine-code-coverage\build-output
TpTrace Verbose: 0 : 38624, 4, 2022/08/30, 08:57:59.073, 2627174111002, testhost.dll, TestPluginCache.DiscoverTestExtensions: Discovering the extensions using extension path.
TpTrace Verbose: 0 : 38624, 4, 2022/08/30, 08:57:59.073, 2627174111187, testhost.dll, TestPluginCache.GetExtensionPaths: Filtered extension paths: 
TpTrace Verbose: 0 : 38624, 4, 2022/08/30, 08:57:59.073, 2627174111338, testhost.dll, TestPluginCache.GetExtensionPaths: Added default extension paths: C:\ContenedoresAPI\xUnit.ContenedoresRest\bin\Debug\net6.0\fine-code-coverage\build-output\NUnit3.TestAdapter.dll
C:\ContenedoresAPI\xUnit.ContenedoresRest\bin\Debug\net6.0\fine-code-coverage\build-output\xunit.runner.visualstudio.dotnetcore.testadapter.dll
TpTrace Verbose: 0 : 38624, 4, 2022/08/30, 08:57:59.073, 2627174111487, testhost.dll, TestPluginCache.GetExtensionPaths: Added unfilterableExtensionPaths: 
TpTrace Verbose: 0 : 38624, 4, 2022/08/30, 08:57:59.073, 2627174111680, testhost.dll, TestPluginCache.DiscoverTestExtensions: Discovering the extensions using allExtensionPaths: C:\ContenedoresAPI\xUnit.ContenedoresRest\bin\Debug\net6.0\fine-code-coverage\build-output\NUnit3.TestAdapter.dll
C:\ContenedoresAPI\xUnit.ContenedoresRest\bin\Debug\net6.0\fine-code-coverage\build-output\xunit.runner.visualstudio.dotnetcore.testadapter.dll
TpTrace Information: 0 : 38624, 4, 2022/08/30, 08:57:59.073, 2627174111980, testhost.dll, AssemblyResolver.AddSearchDirectories: Adding more searchDirectories C:\ContenedoresAPI\xUnit.ContenedoresRest\bin\Debug\net6.0\fine-code-coverage\build-output
TpTrace Information: 0 : 38624, 4, 2022/08/30, 08:57:59.073, 2627174112181, testhost.dll, AssemblyResolver.AddSearchDirectories: Adding more searchDirectories C:\ContenedoresAPI\xUnit.ContenedoresRest\bin\Debug\net6.0\fine-code-coverage\build-output
TpTrace Verbose: 0 : 38624, 4, 2022/08/30, 08:57:59.073, 2627174115279, testhost.dll, TestPluginCache: Discovered the extensions using extension path ''.
TpTrace Verbose: 0 : 38624, 4, 2022/08/30, 08:57:59.074, 2627174115763, testhost.dll, TestPluginCache: Discoverers are ''.
TpTrace Verbose: 0 : 38624, 4, 2022/08/30, 08:57:59.074, 2627174116414, testhost.dll, TestPluginCache: Executors are 'executor://NUnit3TestExecutor,executor://xunit/VsTestRunner2/netcoreapp'.
TpTrace Verbose: 0 : 38624, 4, 2022/08/30, 08:57:59.074, 2627174117026, testhost.dll, TestPluginCache: Executors2 are ''.
TpTrace Verbose: 0 : 38624, 4, 2022/08/30, 08:57:59.074, 2627174117195, testhost.dll, TestPluginCache: Setting providers are ''.
TpTrace Verbose: 0 : 38624, 4, 2022/08/30, 08:57:59.074, 2627174117334, testhost.dll, TestPluginCache: Loggers are ''.
TpTrace Information: 0 : 38624, 4, 2022/08/30, 08:57:59.078, 2627174158094, testhost.dll, TestPluginManager.CreateTestExtension: Attempting to load test extension: NUnit.VisualStudio.TestAdapter.NUnit3TestExecutor
TpTrace Verbose: 0 : 38624, 4, 2022/08/30, 08:57:59.078, 2627174163071, testhost.dll, TestExecutorExtensionManager: Loading executor NUnit.VisualStudio.TestAdapter.NUnit3TestExecutor
TpTrace Information: 0 : 38624, 4, 2022/08/30, 08:57:59.078, 2627174164170, testhost.dll, TestPluginManager.CreateTestExtension: Attempting to load test extension: Xunit.Runner.VisualStudio.VsTestRunner
TpTrace Verbose: 0 : 38624, 4, 2022/08/30, 08:57:59.078, 2627174165140, testhost.dll, TestExecutorExtensionManager: Loading executor Xunit.Runner.VisualStudio.VsTestRunner
TpTrace Verbose: 0 : 38624, 4, 2022/08/30, 08:57:59.078, 2627174165455, testhost.dll, TestExecutorService: Loaded the executors
TpTrace Verbose: 0 : 38624, 4, 2022/08/30, 08:57:59.079, 2627174174534, testhost.dll, TestPluginCache.DiscoverTestExtensions: finding test extensions in assemblies ends with: TestAdapter.dll TPluginInfo: Microsoft.VisualStudio.TestPlatform.Common.ExtensionFramework.Utilities.TestSettingsProviderPluginInformation TExtension: Microsoft.VisualStudio.TestPlatform.ObjectModel.Adapter.ISettingsProvider
TpTrace Verbose: 0 : 38624, 4, 2022/08/30, 08:57:59.080, 2627174175623, testhost.dll, TestPluginCache.GetExtensionPaths: Filtered extension paths: 
TpTrace Verbose: 0 : 38624, 4, 2022/08/30, 08:57:59.080, 2627174175952, testhost.dll, TestPluginCache.GetExtensionPaths: Added default extension paths: C:\ContenedoresAPI\xUnit.ContenedoresRest\bin\Debug\net6.0\fine-code-coverage\build-output\NUnit3.TestAdapter.dll
C:\ContenedoresAPI\xUnit.ContenedoresRest\bin\Debug\net6.0\fine-code-coverage\build-output\xunit.runner.visualstudio.dotnetcore.testadapter.dll
TpTrace Verbose: 0 : 38624, 4, 2022/08/30, 08:57:59.080, 2627174176200, testhost.dll, TestPluginCache.GetExtensionPaths: Added unfilterableExtensionPaths: 
TpTrace Information: 0 : 38624, 4, 2022/08/30, 08:57:59.080, 2627174177656, testhost.dll, AssemblyResolver.AddSearchDirectories: Adding more searchDirectories C:\ContenedoresAPI\xUnit.ContenedoresRest\bin\Debug\net6.0\fine-code-coverage\build-output
TpTrace Verbose: 0 : 38624, 4, 2022/08/30, 08:57:59.080, 2627174178005, testhost.dll, TestPluginCache.DiscoverTestExtensions: Discovering the extensions using extension path.
TpTrace Verbose: 0 : 38624, 4, 2022/08/30, 08:57:59.080, 2627174178227, testhost.dll, TestPluginCache.GetExtensionPaths: Filtered extension paths: 
TpTrace Verbose: 0 : 38624, 4, 2022/08/30, 08:57:59.080, 2627174178530, testhost.dll, TestPluginCache.GetExtensionPaths: Added default extension paths: C:\ContenedoresAPI\xUnit.ContenedoresRest\bin\Debug\net6.0\fine-code-coverage\build-output\NUnit3.TestAdapter.dll
C:\ContenedoresAPI\xUnit.ContenedoresRest\bin\Debug\net6.0\fine-code-coverage\build-output\xunit.runner.visualstudio.dotnetcore.testadapter.dll
TpTrace Verbose: 0 : 38624, 4, 2022/08/30, 08:57:59.080, 2627174178751, testhost.dll, TestPluginCache.GetExtensionPaths: Added unfilterableExtensionPaths: 
TpTrace Verbose: 0 : 38624, 4, 2022/08/30, 08:57:59.080, 2627174178978, testhost.dll, TestPluginCache.DiscoverTestExtensions: Discovering the extensions using allExtensionPaths: C:\ContenedoresAPI\xUnit.ContenedoresRest\bin\Debug\net6.0\fine-code-coverage\build-output\NUnit3.TestAdapter.dll
C:\ContenedoresAPI\xUnit.ContenedoresRest\bin\Debug\net6.0\fine-code-coverage\build-output\xunit.runner.visualstudio.dotnetcore.testadapter.dll
TpTrace Information: 0 : 38624, 4, 2022/08/30, 08:57:59.080, 2627174179374, testhost.dll, AssemblyResolver.AddSearchDirectories: Adding more searchDirectories C:\ContenedoresAPI\xUnit.ContenedoresRest\bin\Debug\net6.0\fine-code-coverage\build-output
TpTrace Information: 0 : 38624, 4, 2022/08/30, 08:57:59.080, 2627174179629, testhost.dll, AssemblyResolver.AddSearchDirectories: Adding more searchDirectories C:\ContenedoresAPI\xUnit.ContenedoresRest\bin\Debug\net6.0\fine-code-coverage\build-output
TpTrace Verbose: 0 : 38624, 4, 2022/08/30, 08:57:59.083, 2627174205745, testhost.dll, TestPluginCache: Discovered the extensions using extension path ''.
TpTrace Verbose: 0 : 38624, 4, 2022/08/30, 08:57:59.083, 2627174207083, testhost.dll, TestPluginCache: Discoverers are ''.
TpTrace Verbose: 0 : 38624, 4, 2022/08/30, 08:57:59.083, 2627174207305, testhost.dll, TestPluginCache: Executors are 'executor://NUnit3TestExecutor,executor://xunit/VsTestRunner2/netcoreapp'.
TpTrace Verbose: 0 : 38624, 4, 2022/08/30, 08:57:59.083, 2627174207549, testhost.dll, TestPluginCache: Executors2 are ''.
TpTrace Verbose: 0 : 38624, 4, 2022/08/30, 08:57:59.083, 2627174207859, testhost.dll, TestPluginCache: Setting providers are ''.
TpTrace Verbose: 0 : 38624, 4, 2022/08/30, 08:57:59.083, 2627174208023, testhost.dll, TestPluginCache: Loggers are ''.
TpTrace Verbose: 0 : 38624, 4, 2022/08/30, 08:57:59.084, 2627174216664, testhost.dll, TestExecutorService: Loaded the settings providers
TpTrace Information: 0 : 38624, 4, 2022/08/30, 08:57:59.084, 2627174217768, testhost.dll, TestExecutorService: Loaded the extensions
TpTrace Information: 0 : 38624, 4, 2022/08/30, 08:57:59.084, 2627174223054, testhost.dll, TestRequestHandler.OnMessageReceived: Running job 'TestExecution.StartWithSources'.
TpTrace Information: 0 : 38624, 4, 2022/08/30, 08:57:59.103, 2627174406353, testhost.dll, AssemblyResolver.OnResolve: Microsoft.VisualStudio.TestPlatform.Common.resources: Resolving assembly.
TpTrace Information: 0 : 38624, 4, 2022/08/30, 08:57:59.103, 2627174407397, testhost.dll, AssemblyResolver.OnResolve: Microsoft.VisualStudio.TestPlatform.Common.resources: Searching in: 'C:\ContenedoresAPI\xUnit.ContenedoresRest\bin\Debug\net6.0\fine-code-coverage\build-output'.
TpTrace Information: 0 : 38624, 4, 2022/08/30, 08:57:59.103, 2627174407914, testhost.dll, AssemblyResolver.OnResolve: Microsoft.VisualStudio.TestPlatform.Common.resources: Assembly path does not exist: 'C:\ContenedoresAPI\xUnit.ContenedoresRest\bin\Debug\net6.0\fine-code-coverage\build-output\Microsoft.VisualStudio.TestPlatform.Common.resources.dll', returning.
TpTrace Information: 0 : 38624, 4, 2022/08/30, 08:57:59.103, 2627174408277, testhost.dll, AssemblyResolver.OnResolve: Microsoft.VisualStudio.TestPlatform.Common.resources: Assembly path does not exist: 'C:\ContenedoresAPI\xUnit.ContenedoresRest\bin\Debug\net6.0\fine-code-coverage\build-output\Microsoft.VisualStudio.TestPlatform.Common.resources.exe', returning.
TpTrace Information: 0 : 38624, 4, 2022/08/30, 08:57:59.103, 2627174408599, testhost.dll, AssemblyResolver.OnResolve: Microsoft.VisualStudio.TestPlatform.Common.resources: Failed to load assembly.
TpTrace Information: 0 : 38624, 4, 2022/08/30, 08:57:59.165, 2627175028017, testhost.dll, TestDiscoveryManager: Discovering tests from sources C:\ContenedoresAPI\xUnit.ContenedoresRest\bin\Debug\net6.0\fine-code-coverage\build-output\xUnit.ContenedoresRest.dll
TpTrace Verbose: 0 : 38624, 4, 2022/08/30, 08:57:59.175, 2627175127876, testhost.dll, TestPluginCache.DiscoverTestExtensions: finding test extensions in assemblies ends with: TestAdapter.dll TPluginInfo: Microsoft.VisualStudio.TestPlatform.Common.ExtensionFramework.Utilities.TestDiscovererPluginInformation TExtension: Microsoft.VisualStudio.TestPlatform.ObjectModel.Adapter.ITestDiscoverer
TpTrace Verbose: 0 : 38624, 4, 2022/08/30, 08:57:59.175, 2627175130174, testhost.dll, TestPluginCache.GetExtensionPaths: Filtered extension paths: 
TpTrace Verbose: 0 : 38624, 4, 2022/08/30, 08:57:59.175, 2627175130798, testhost.dll, TestPluginCache.GetExtensionPaths: Added default extension paths: C:\ContenedoresAPI\xUnit.ContenedoresRest\bin\Debug\net6.0\fine-code-coverage\build-output\NUnit3.TestAdapter.dll
C:\ContenedoresAPI\xUnit.ContenedoresRest\bin\Debug\net6.0\fine-code-coverage\build-output\xunit.runner.visualstudio.dotnetcore.testadapter.dll
TpTrace Verbose: 0 : 38624, 4, 2022/08/30, 08:57:59.175, 2627175131253, testhost.dll, TestPluginCache.GetExtensionPaths: Added unfilterableExtensionPaths: 
TpTrace Information: 0 : 38624, 4, 2022/08/30, 08:57:59.175, 2627175133293, testhost.dll, AssemblyResolver.AddSearchDirectories: Adding more searchDirectories C:\ContenedoresAPI\xUnit.ContenedoresRest\bin\Debug\net6.0\fine-code-coverage\build-output
TpTrace Verbose: 0 : 38624, 4, 2022/08/30, 08:57:59.175, 2627175133879, testhost.dll, TestPluginCache.DiscoverTestExtensions: Discovering the extensions using extension path.
TpTrace Verbose: 0 : 38624, 4, 2022/08/30, 08:57:59.175, 2627175134371, testhost.dll, TestPluginCache.GetExtensionPaths: Filtered extension paths: 
TpTrace Verbose: 0 : 38624, 4, 2022/08/30, 08:57:59.175, 2627175134836, testhost.dll, TestPluginCache.GetExtensionPaths: Added default extension paths: C:\ContenedoresAPI\xUnit.ContenedoresRest\bin\Debug\net6.0\fine-code-coverage\build-output\NUnit3.TestAdapter.dll
C:\ContenedoresAPI\xUnit.ContenedoresRest\bin\Debug\net6.0\fine-code-coverage\build-output\xunit.runner.visualstudio.dotnetcore.testadapter.dll
TpTrace Verbose: 0 : 38624, 4, 2022/08/30, 08:57:59.175, 2627175135195, testhost.dll, TestPluginCache.GetExtensionPaths: Added unfilterableExtensionPaths: 
TpTrace Verbose: 0 : 38624, 4, 2022/08/30, 08:57:59.176, 2627175135660, testhost.dll, TestPluginCache.DiscoverTestExtensions: Discovering the extensions using allExtensionPaths: C:\ContenedoresAPI\xUnit.ContenedoresRest\bin\Debug\net6.0\fine-code-coverage\build-output\NUnit3.TestAdapter.dll
C:\ContenedoresAPI\xUnit.ContenedoresRest\bin\Debug\net6.0\fine-code-coverage\build-output\xunit.runner.visualstudio.dotnetcore.testadapter.dll
TpTrace Information: 0 : 38624, 4, 2022/08/30, 08:57:59.176, 2627175136295, testhost.dll, AssemblyResolver.AddSearchDirectories: Adding more searchDirectories C:\ContenedoresAPI\xUnit.ContenedoresRest\bin\Debug\net6.0\fine-code-coverage\build-output
TpTrace Information: 0 : 38624, 4, 2022/08/30, 08:57:59.176, 2627175136722, testhost.dll, AssemblyResolver.AddSearchDirectories: Adding more searchDirectories C:\ContenedoresAPI\xUnit.ContenedoresRest\bin\Debug\net6.0\fine-code-coverage\build-output
TpTrace Verbose: 0 : 38624, 4, 2022/08/30, 08:57:59.179, 2627175169984, testhost.dll, TestPluginCache: Discovered the extensions using extension path ''.
TpTrace Verbose: 0 : 38624, 4, 2022/08/30, 08:57:59.179, 2627175171398, testhost.dll, TestPluginCache: Discoverers are 'NUnit.VisualStudio.TestAdapter.NUnit3TestDiscoverer, NUnit3.TestAdapter, Version=4.2.0.0, Culture=neutral, PublicKeyToken=4cb40d35494691ac,Xunit.Runner.VisualStudio.VsTestRunner, xunit.runner.visualstudio.dotnetcore.testadapter, Version=2.4.0.0, Culture=neutral, PublicKeyToken=8d05b1bb7a6fdb6c'.
TpTrace Verbose: 0 : 38624, 4, 2022/08/30, 08:57:59.179, 2627175171802, testhost.dll, TestPluginCache: Executors are 'executor://NUnit3TestExecutor,executor://xunit/VsTestRunner2/netcoreapp'.
TpTrace Verbose: 0 : 38624, 4, 2022/08/30, 08:57:59.179, 2627175172080, testhost.dll, TestPluginCache: Executors2 are ''.
TpTrace Verbose: 0 : 38624, 4, 2022/08/30, 08:57:59.179, 2627175172321, testhost.dll, TestPluginCache: Setting providers are ''.
TpTrace Verbose: 0 : 38624, 4, 2022/08/30, 08:57:59.179, 2627175172550, testhost.dll, TestPluginCache: Loggers are ''.
TpTrace Information: 0 : 38624, 4, 2022/08/30, 08:57:59.186, 2627175242272, testhost.dll, PEReaderHelper.GetAssemblyType: Determined assemblyType:'Managed' for source: 'C:\ContenedoresAPI\xUnit.ContenedoresRest\bin\Debug\net6.0\fine-code-coverage\build-output\xUnit.ContenedoresRest.dll'
TpTrace Verbose: 0 : 38624, 4, 2022/08/30, 08:57:59.191, 2627175288787, testhost.dll, BaseRunTests.RunTestInternalWithExecutors: Running tests for executor://NUnit3TestExecutor
TpTrace Information: 0 : 38624, 4, 2022/08/30, 08:57:59.194, 2627175316594, testhost.dll, AssemblyResolver.OnResolve: nunit.engine.core: Resolving assembly.
TpTrace Information: 0 : 38624, 4, 2022/08/30, 08:57:59.194, 2627175317795, testhost.dll, AssemblyResolver.OnResolve: nunit.engine.core: Searching in: 'C:\ContenedoresAPI\xUnit.ContenedoresRest\bin\Debug\net6.0\fine-code-coverage\build-output'.
TpTrace Information: 0 : 38624, 4, 2022/08/30, 08:57:59.194, 2627175320575, testhost.dll, AssemblyResolver.OnResolve: nunit.engine.core: Loading assembly 'C:\ContenedoresAPI\xUnit.ContenedoresRest\bin\Debug\net6.0\fine-code-coverage\build-output\nunit.engine.core.dll'.
TpTrace Information: 0 : 38624, 4, 2022/08/30, 08:57:59.194, 2627175324972, testhost.dll, AssemblyResolver.OnResolve: Resolved assembly: nunit.engine.core, from path: C:\ContenedoresAPI\xUnit.ContenedoresRest\bin\Debug\net6.0\fine-code-coverage\build-output\nunit.engine.core.dll
TpTrace Information: 0 : 38624, 4, 2022/08/30, 08:57:59.201, 2627175392907, testhost.dll, NUnit Adapter 4.2.0.0: Test execution started
TpTrace Verbose: 0 : 38624, 4, 2022/08/30, 08:57:59.201, 2627175394552, testhost.dll, TestRequestHandler.SendData:  sending data from testhost: {"Version":5,"MessageType":"TestSession.Message","Payload":{"MessageLevel":0,"Message":"NUnit Adapter 4.2.0.0: Test execution started"}}
TpTrace Information: 0 : 38624, 4, 2022/08/30, 08:57:59.228, 2627175659590, testhost.dll, Running all tests in C:\ContenedoresAPI\xUnit.ContenedoresRest\bin\Debug\net6.0\fine-code-coverage\build-output\xUnit.ContenedoresRest.dll
TpTrace Verbose: 0 : 38624, 4, 2022/08/30, 08:57:59.228, 2627175661024, testhost.dll, TestRequestHandler.SendData:  sending data from testhost: {"Version":5,"MessageType":"TestSession.Message","Payload":{"MessageLevel":0,"Message":"Running all tests in C:\\ContenedoresAPI\\xUnit.ContenedoresRest\\bin\\Debug\\net6.0\\fine-code-coverage\\build-output\\xUnit.ContenedoresRest.dll"}}
TpTrace Information: 0 : 38624, 4, 2022/08/30, 08:57:59.234, 2627175723059, testhost.dll, AssemblyResolver.OnResolve: testcentric.engine.metadata: Resolving assembly.
TpTrace Information: 0 : 38624, 4, 2022/08/30, 08:57:59.234, 2627175724159, testhost.dll, AssemblyResolver.OnResolve: testcentric.engine.metadata: Searching in: 'C:\ContenedoresAPI\xUnit.ContenedoresRest\bin\Debug\net6.0\fine-code-coverage\build-output'.
TpTrace Information: 0 : 38624, 4, 2022/08/30, 08:57:59.235, 2627175726881, testhost.dll, AssemblyResolver.OnResolve: testcentric.engine.metadata: Loading assembly 'C:\ContenedoresAPI\xUnit.ContenedoresRest\bin\Debug\net6.0\fine-code-coverage\build-output\testcentric.engine.metadata.dll'.
TpTrace Information: 0 : 38624, 4, 2022/08/30, 08:57:59.235, 2627175731453, testhost.dll, AssemblyResolver.OnResolve: Resolved assembly: testcentric.engine.metadata, from path: C:\ContenedoresAPI\xUnit.ContenedoresRest\bin\Debug\net6.0\fine-code-coverage\build-output\testcentric.engine.metadata.dll
TpTrace Information: 0 : 38624, 4, 2022/08/30, 08:57:59.288, 2627176258982, testhost.dll,    NUnit3TestExecutor discovered 0 of 0 NUnit test cases using Current Discovery mode, Explicit run
TpTrace Verbose: 0 : 38624, 4, 2022/08/30, 08:57:59.288, 2627176260464, testhost.dll, TestRequestHandler.SendData:  sending data from testhost: {"Version":5,"MessageType":"TestSession.Message","Payload":{"MessageLevel":0,"Message":"   NUnit3TestExecutor discovered 0 of 0 NUnit test cases using Current Discovery mode, Explicit run"}}
TpTrace Information: 0 : 38624, 4, 2022/08/30, 08:57:59.307, 2627176451790, testhost.dll, NUnit Adapter 4.2.0.0: Test execution complete
TpTrace Verbose: 0 : 38624, 4, 2022/08/30, 08:57:59.307, 2627176453754, testhost.dll, TestRequestHandler.SendData:  sending data from testhost: {"Version":5,"MessageType":"TestSession.Message","Payload":{"MessageLevel":0,"Message":"NUnit Adapter 4.2.0.0: Test execution complete"}}
TpTrace Verbose: 0 : 38624, 4, 2022/08/30, 08:57:59.315, 2627176527591, testhost.dll, BaseRunTests.RunTestInternalWithExecutors: Completed running tests for executor://NUnit3TestExecutor
TpTrace Verbose: 0 : 38624, 4, 2022/08/30, 08:57:59.315, 2627176528766, testhost.dll, BaseRunTests.RunTestInternalWithExecutors: Running tests for executor://xunit/VsTestRunner2/netcoreapp
TpTrace Information: 0 : 38624, 4, 2022/08/30, 08:57:59.319, 2627176573273, testhost.dll, [xUnit.net 00:00:00.00] xUnit.net VSTest Adapter v2.4.3+1b45f5407b (64-bit .NET 6.0.7)
TpTrace Verbose: 0 : 38624, 4, 2022/08/30, 08:57:59.319, 2627176574595, testhost.dll, TestRequestHandler.SendData:  sending data from testhost: {"Version":5,"MessageType":"TestSession.Message","Payload":{"MessageLevel":0,"Message":"[xUnit.net 00:00:00.00] xUnit.net VSTest Adapter v2.4.3+1b45f5407b (64-bit .NET 6.0.7)"}}
TpTrace Verbose: 0 : 38624, 10, 2022/08/30, 08:58:00.064, 2627184020819, testhost.dll, TcpClientExtensions.MessageLoopAsync: Polling on remoteEndPoint: [::ffff:127.0.0.1]:63476 localEndPoint: [::ffff:127.0.0.1]:63477
TpTrace Information: 0 : 38624, 4, 2022/08/30, 08:58:00.225, 2627185625676, testhost.dll, AssemblyResolver.OnResolve: xunit.runner.reporters.netcoreapp10: Resolving assembly.
TpTrace Information: 0 : 38624, 4, 2022/08/30, 08:58:00.225, 2627185627500, testhost.dll, AssemblyResolver.OnResolve: xunit.runner.reporters.netcoreapp10: Searching in: 'C:\ContenedoresAPI\xUnit.ContenedoresRest\bin\Debug\net6.0\fine-code-coverage\build-output'.
TpTrace Information: 0 : 38624, 4, 2022/08/30, 08:58:00.225, 2627185630660, testhost.dll, AssemblyResolver.OnResolve: xunit.runner.reporters.netcoreapp10: Loading assembly 'C:\ContenedoresAPI\xUnit.ContenedoresRest\bin\Debug\net6.0\fine-code-coverage\build-output\xunit.runner.reporters.netcoreapp10.dll'.
TpTrace Information: 0 : 38624, 4, 2022/08/30, 08:58:00.225, 2627185634719, testhost.dll, AssemblyResolver.OnResolve: Resolved assembly: xunit.runner.reporters.netcoreapp10, from path: C:\ContenedoresAPI\xUnit.ContenedoresRest\bin\Debug\net6.0\fine-code-coverage\build-output\xunit.runner.reporters.netcoreapp10.dll
TpTrace Information: 0 : 38624, 4, 2022/08/30, 08:58:00.295, 2627186326360, testhost.dll, [xUnit.net 00:00:00.97]   Discovering: xUnit.ContenedoresRest
TpTrace Verbose: 0 : 38624, 4, 2022/08/30, 08:58:00.295, 2627186328187, testhost.dll, TestRequestHandler.SendData:  sending data from testhost: {"Version":5,"MessageType":"TestSession.Message","Payload":{"MessageLevel":0,"Message":"[xUnit.net 00:00:00.97]   Discovering: xUnit.ContenedoresRest"}}
TpTrace Information: 0 : 38624, 4, 2022/08/30, 08:58:00.326, 2627186641857, testhost.dll, [xUnit.net 00:00:01.01]   Discovered:  xUnit.ContenedoresRest
TpTrace Verbose: 0 : 38624, 4, 2022/08/30, 08:58:00.326, 2627186644271, testhost.dll, TestRequestHandler.SendData:  sending data from testhost: {"Version":5,"MessageType":"TestSession.Message","Payload":{"MessageLevel":0,"Message":"[xUnit.net 00:00:01.01]   Discovered:  xUnit.ContenedoresRest"}}
TpTrace Information: 0 : 38624, 4, 2022/08/30, 08:58:00.328, 2627186660932, testhost.dll, [xUnit.net 00:00:01.01]   Starting:    xUnit.ContenedoresRest
TpTrace Verbose: 0 : 38624, 4, 2022/08/30, 08:58:00.328, 2627186662183, testhost.dll, TestRequestHandler.SendData:  sending data from testhost: {"Version":5,"MessageType":"TestSession.Message","Payload":{"MessageLevel":0,"Message":"[xUnit.net 00:00:01.01]   Starting:    xUnit.ContenedoresRest"}}
TpTrace Verbose: 0 : 38624, 16, 2022/08/30, 08:58:00.367, 2627187051418, testhost.dll, TestExecutionRecorder.RecordStart: Starting test: xUnit.ContenedoresRest.ContainersTest.Containers_selectContainers_ContainersDespachados.
TpTrace Verbose: 0 : 38624, 16, 2022/08/30, 08:58:00.404, 2627187424868, testhost.dll, TestExecutionRecorder.RecordResult: Received result for test: xUnit.ContenedoresRest.ContainersTest.Containers_selectContainers_ContainersDespachados.
TpTrace Verbose: 0 : 38624, 16, 2022/08/30, 08:58:00.421, 2627187587637, testhost.dll, TestExecutionRecorder.RecordEnd: test: xUnit.ContenedoresRest.ContainersTest.Containers_selectContainers_ContainersDespachados execution completed.
TpTrace Warning: 0 : 38624, 16, 2022/08/30, 08:58:00.421, 2627187589322, testhost.dll, TestRunCache: InProgressTests is null
TpTrace Information: 0 : 38624, 4, 2022/08/30, 08:58:00.422, 2627187598633, testhost.dll, [xUnit.net 00:00:01.10]   Finished:    xUnit.ContenedoresRest
TpTrace Verbose: 0 : 38624, 4, 2022/08/30, 08:58:00.422, 2627187601059, testhost.dll, TestRequestHandler.SendData:  sending data from testhost: {"Version":5,"MessageType":"TestSession.Message","Payload":{"MessageLevel":0,"Message":"[xUnit.net 00:00:01.10]   Finished:    xUnit.ContenedoresRest"}}
TpTrace Verbose: 0 : 38624, 4, 2022/08/30, 08:58:00.426, 2627187637405, testhost.dll, BaseRunTests.RunTestInternalWithExecutors: Completed running tests for executor://xunit/VsTestRunner2/netcoreapp
TpTrace Information: 0 : 38624, 4, 2022/08/30, 08:58:00.429, 2627187668160, testhost.dll, Sending test run complete
TpTrace Verbose: 0 : 38624, 4, 2022/08/30, 08:58:00.457, 2627187946892, testhost.dll, TestRequestHandler.SendData:  sending data from testhost: {"Version":5,"MessageType":"TestExecution.Completed","Payload":{"TestRunCompleteArgs":{"TestRunStatistics":{"ExecutedTests":1,"Stats":{"Passed":1}},"IsCanceled":false,"IsAborted":false,"Error":null,"AttachmentSets":[],"ElapsedTimeInRunningTests":"00:00:01.2384188","Metrics":{}},"LastRunTests":{"NewTestResults":[{"TestCase":{"Id":"568e947d-bdbb-5859-5362-ed8079656525","FullyQualifiedName":"xUnit.ContenedoresRest.ContainersTest.Containers_selectContainers_ContainersDespachados","DisplayName":"xUnit.ContenedoresRest.ContainersTest.Containers_selectContainers_ContainersDespachados","ExecutorUri":"executor://xunit/VsTestRunner2/netcoreapp","Source":"C:\\ContenedoresAPI\\xUnit.ContenedoresRest\\bin\\Debug\\net6.0\\fine-code-coverage\\build-output\\xUnit.ContenedoresRest.dll","CodeFilePath":null,"LineNumber":0,"Properties":[]},"Attachments":[],"Outcome":1,"ErrorMessage":null,"ErrorStackTrace":null,"DisplayName":"xUnit.ContenedoresRest.ContainersTest.Containers_selectContainers_ContainersDespachados","Messages":[],"ComputerName":"DESKTOP-OVQI1HH","Duration":"00:00:00.0023912","StartTime":"2022-08-30T13:58:00.4046676+00:00","EndTime":"2022-08-30T13:58:00.4046835+00:00","Properties":[]}],"TestRunStatistics":{"ExecutedTests":1,"Stats":{"Passed":1}},"ActiveTests":[]},"RunAttachments":[],"ExecutorUris":["executor://xunit/VsTestRunner2/netcoreapp"]}}
TpTrace Verbose: 0 : 38624, 4, 2022/08/30, 08:58:00.459, 2627187965703, testhost.dll, BaseRunTests.RunTests: Run is complete.
TpTrace Verbose: 0 : 38624, 10, 2022/08/30, 08:58:00.461, 2627187991249, testhost.dll, TcpClientExtensions.MessageLoopAsync: NotifyDataAvailable remoteEndPoint: [::ffff:127.0.0.1]:63476 localEndPoint: [::ffff:127.0.0.1]:63477
TpTrace Information: 0 : 38624, 10, 2022/08/30, 08:58:00.461, 2627187993248, testhost.dll, TestRequestHandler.OnMessageReceived: received message: (TestSession.Terminate) -> null
TpTrace Information: 0 : 38624, 10, 2022/08/30, 08:58:00.461, 2627187993614, testhost.dll, Session End message received from server. Closing the connection.
TpTrace Information: 0 : 38624, 10, 2022/08/30, 08:58:00.462, 2627187998911, testhost.dll, SocketClient.Stop: Stop communication from server endpoint: 127.0.0.1:063476
TpTrace Information: 0 : 38624, 10, 2022/08/30, 08:58:00.462, 2627187999758, testhost.dll, SocketClient: Stop: Cancellation requested. Stopping message loop.
TpTrace Verbose: 0 : 38624, 10, 2022/08/30, 08:58:00.462, 2627188001711, testhost.dll, LengthPrefixCommunicationChannel.Dispose: Dispose reader and writer.
TpTrace Information: 0 : 38624, 10, 2022/08/30, 08:58:00.462, 2627188002563, testhost.dll, Closing the connection !
TpTrace Information: 0 : 38624, 1, 2022/08/30, 08:58:00.462, 2627188005068, testhost.dll, Closing the connection !
TpTrace Information: 0 : 38624, 10, 2022/08/30, 08:58:00.463, 2627188005745, testhost.dll, SocketClient.PrivateStop: Stop communication from server endpoint: 127.0.0.1:063476, error:
TpTrace Information: 0 : 38624, 1, 2022/08/30, 08:58:00.463, 2627188006265, testhost.dll, SocketClient.Stop: Stop communication from server endpoint: 127.0.0.1:063476
TpTrace Verbose: 0 : 38624, 1, 2022/08/30, 08:58:00.463, 2627188008402, testhost.dll, LengthPrefixCommunicationChannel.Dispose: Dispose reader and writer.
TpTrace Verbose: 0 : 38624, 10, 2022/08/30, 08:58:00.463, 2627188008916, testhost.dll, LengthPrefixCommunicationChannel.Dispose: Dispose reader and writer.
TpTrace Information: 0 : 38624, 1, 2022/08/30, 08:58:00.463, 2627188009732, testhost.dll, Testhost process exiting.
TpTrace Verbose: 0 : 38624, 10, 2022/08/30, 08:58:00.463, 2627188009916, testhost.dll, TcpClientExtensions.MessageLoopAsync: exiting MessageLoopAsync remoteEndPoint: [::ffff:127.0.0.1]:63476 localEndPoint: [::ffff:127.0.0.1]:63477
