TpTrace Verbose: 0 : 41512, 1, 2022/08/30, 08:57:58.456, 2627167945084, datacollector.dll, Version: 17.2.0-release-20220408-11
TpTrace Information: 0 : 41512, 1, 2022/08/30, 08:57:58.461, 2627167986487, datacollector.dll, DataCollectorMain.Run: Starting data collector run with args: --port,63473,--parentprocessid,41176,--diag,C:\ContenedoresAPI\xUnit.ContenedoresRest\bin\Debug\net6.0\fine-code-coverage\coverage-tool-output\diagnostics.datacollector.22-08-30_08-57-58_34830_5.log,--tracelevel,4
TpTrace Information: 0 : 41512, 1, 2022/08/30, 08:57:58.461, 2627167987932, datacollector.dll, DataCollector: Monitoring parent process with id: '41176'
TpTrace Information: 0 : 41512, 1, 2022/08/30, 08:57:58.466, 2627168045301, datacollector.dll, Trying to connect to server on socket : 127.0.0.1:63473 
TpTrace Verbose: 0 : 41512, 1, 2022/08/30, 08:57:58.474, 2627168121246, datacollector.dll, SocketCommunicationManager : SetupClientAsync : Attempting to connect to the server.
TpTrace Information: 0 : 41512, 8, 2022/08/30, 08:57:58.486, 2627168244804, datacollector.dll, Connected to the server successfully 
TpTrace Information: 0 : 41512, 8, 2022/08/30, 08:57:58.487, 2627168245902, datacollector.dll, Using the buffer size of 16384 bytes
TpTrace Information: 0 : 41512, 1, 2022/08/30, 08:57:58.566, 2627169037636, datacollector.dll, DataCollector: Start Request Processing.
TpTrace Verbose: 0 : 41512, 1, 2022/08/30, 08:57:58.566, 2627169039840, datacollector.dll, SocketCommunicationManager.WaitForServerConnection took: 0 ms, with 90000 ms timeout, and finished with True.
TpTrace Information: 0 : 41512, 1, 2022/08/30, 08:57:58.570, 2627169075984, datacollector.dll, DataCollectionRequestHandler.ProcessRequests: Datacollector received message: (DataCollection.BeforeTestRunStart) -> {
  "SettingsXml": "<RunSettings><RunConfiguration><ResultsDirectory>C:\\ContenedoresAPI\\xUnit.ContenedoresRest\\bin\\Debug\\net6.0\\fine-code-coverage\\coverage-tool-output</ResultsDirectory><TargetPlatform>X64</TargetPlatform><TargetFrameworkVersion>.NETCoreApp,Version=v6.0</TargetFrameworkVersion><DesignMode>False</DesignMode><CollectSourceInformation>False</CollectSourceInformation><TestAdaptersPaths>C:\\Program Files\\dotnet\\sdk\\6.0.302\\Extensions</TestAdaptersPaths></RunConfiguration><LoggerRunSettings><Loggers><Logger friendlyName=\"blame\" enabled=\"True\" /><Logger friendlyName=\"Console\" uri=\"logger://microsoft/TestPlatform/ConsoleLogger/v1\" assemblyQualifiedName=\"Microsoft.VisualStudio.TestPlatform.CommandLine.Internal.ConsoleLogger, vstest.console, Version=15.0.0.0, Culture=neutral, PublicKeyToken=b03f5f7f11d50a3a\" codeBase=\"C:\\Program Files\\dotnet\\sdk\\6.0.302\\vstest.console.dll\" enabled=\"True\" /></Loggers></LoggerRunSettings><DataCollectionRunSettings><DataCollectors><DataCollector friendlyName=\"blame\" enabled=\"True\"><Configuration><ResultsDirectory>C:\\ContenedoresAPI\\xUnit.ContenedoresRest\\bin\\Debug\\net6.0\\fine-code-coverage\\coverage-tool-output</ResultsDirectory></Configuration></DataCollector></DataCollectors></DataCollectionRunSettings></RunSettings>",
  "Sources": [
    "C:\\ContenedoresAPI\\xUnit.ContenedoresRest\\bin\\Debug\\net6.0\\fine-code-coverage\\build-output\\xUnit.ContenedoresRest.dll"
  ],
  "IsTelemetryOptedIn": false
}
TpTrace Verbose: 0 : 41512, 1, 2022/08/30, 08:57:58.613, 2627169511023, datacollector.dll, TestPluginCache: Update extensions started. Skip filter = False
TpTrace Verbose: 0 : 41512, 1, 2022/08/30, 08:57:58.614, 2627169517529, datacollector.dll, TestPluginCache: Using directories for assembly resolution 'C:\Program Files\dotnet\sdk\6.0.302\Extensions'.
TpTrace Verbose: 0 : 41512, 1, 2022/08/30, 08:57:58.614, 2627169518289, datacollector.dll, TestPluginCache: Updated the available extensions to 'C:\Program Files\dotnet\sdk\6.0.302\Extensions\Microsoft.TestPlatform.Extensions.BlameDataCollector.dll,C:\Program Files\dotnet\sdk\6.0.302\Extensions\Microsoft.TestPlatform.Extensions.EventLogCollector.dll'.
TpTrace Verbose: 0 : 41512, 1, 2022/08/30, 08:57:58.619, 2627169570511, datacollector.dll, TestPluginCache.DiscoverTestExtensions: finding test extensions in assemblies ends with: Collector.dll TPluginInfo: Microsoft.VisualStudio.TestPlatform.Common.DataCollector.DataCollectorConfig TExtension: Microsoft.VisualStudio.TestPlatform.ObjectModel.DataCollection.DataCollector
TpTrace Verbose: 0 : 41512, 1, 2022/08/30, 08:57:58.619, 2627169573316, datacollector.dll, TestPluginCache.GetExtensionPaths: Filtered extension paths: C:\Program Files\dotnet\sdk\6.0.302\Extensions\Microsoft.TestPlatform.Extensions.BlameDataCollector.dll
C:\Program Files\dotnet\sdk\6.0.302\Extensions\Microsoft.TestPlatform.Extensions.EventLogCollector.dll
TpTrace Verbose: 0 : 41512, 1, 2022/08/30, 08:57:58.619, 2627169573682, datacollector.dll, TestPluginCache.GetExtensionPaths: Added default extension paths: 
TpTrace Verbose: 0 : 41512, 1, 2022/08/30, 08:57:58.619, 2627169573877, datacollector.dll, TestPluginCache.GetExtensionPaths: Added unfilterableExtensionPaths: 
TpTrace Information: 0 : 41512, 1, 2022/08/30, 08:57:58.620, 2627169578454, datacollector.dll, AssemblyResolver.ctor: Creating AssemblyResolver with searchDirectories C:\Program Files\dotnet\sdk\6.0.302\Extensions,C:\Program Files\dotnet\sdk\6.0.302
TpTrace Verbose: 0 : 41512, 1, 2022/08/30, 08:57:58.621, 2627169586978, datacollector.dll, TestPluginCache.DiscoverTestExtensions: Discovering the extensions using extension path.
TpTrace Verbose: 0 : 41512, 1, 2022/08/30, 08:57:58.621, 2627169589048, datacollector.dll, TestPluginCache.GetExtensionPaths: Filtered extension paths: C:\Program Files\dotnet\sdk\6.0.302\Extensions\Microsoft.TestPlatform.Extensions.BlameDataCollector.dll
C:\Program Files\dotnet\sdk\6.0.302\Extensions\Microsoft.TestPlatform.Extensions.EventLogCollector.dll
TpTrace Verbose: 0 : 41512, 1, 2022/08/30, 08:57:58.621, 2627169589360, datacollector.dll, TestPluginCache.GetExtensionPaths: Added default extension paths: 
TpTrace Verbose: 0 : 41512, 1, 2022/08/30, 08:57:58.621, 2627169589509, datacollector.dll, TestPluginCache.GetExtensionPaths: Added unfilterableExtensionPaths: 
TpTrace Verbose: 0 : 41512, 1, 2022/08/30, 08:57:58.621, 2627169589849, datacollector.dll, TestPluginCache.DiscoverTestExtensions: Discovering the extensions using allExtensionPaths: C:\Program Files\dotnet\sdk\6.0.302\Extensions\Microsoft.TestPlatform.Extensions.BlameDataCollector.dll
C:\Program Files\dotnet\sdk\6.0.302\Extensions\Microsoft.TestPlatform.Extensions.EventLogCollector.dll
TpTrace Information: 0 : 41512, 1, 2022/08/30, 08:57:58.621, 2627169590731, datacollector.dll, AssemblyResolver.AddSearchDirectories: Adding more searchDirectories C:\Program Files\dotnet\sdk\6.0.302\Extensions,C:\Program Files\dotnet\sdk\6.0.302
TpTrace Information: 0 : 41512, 1, 2022/08/30, 08:57:58.621, 2627169591069, datacollector.dll, AssemblyResolver.AddSearchDirectories: Adding more searchDirectories C:\Program Files\dotnet\sdk\6.0.302\Extensions,C:\Program Files\dotnet\sdk\6.0.302
TpTrace Information: 0 : 41512, 1, 2022/08/30, 08:57:58.621, 2627169594802, datacollector.dll, AssemblyResolver.OnResolve: Microsoft.TestPlatform.Extensions.BlameDataCollector: Resolving assembly.
TpTrace Information: 0 : 41512, 1, 2022/08/30, 08:57:58.621, 2627169595522, datacollector.dll, AssemblyResolver.OnResolve: Microsoft.TestPlatform.Extensions.BlameDataCollector: Searching in: 'C:\Program Files\dotnet\sdk\6.0.302\Extensions'.
TpTrace Information: 0 : 41512, 1, 2022/08/30, 08:57:58.623, 2627169606646, datacollector.dll, AssemblyResolver.OnResolve: Microsoft.TestPlatform.Extensions.BlameDataCollector: Loading assembly 'C:\Program Files\dotnet\sdk\6.0.302\Extensions\Microsoft.TestPlatform.Extensions.BlameDataCollector.dll'.
TpTrace Information: 0 : 41512, 1, 2022/08/30, 08:57:58.623, 2627169615266, datacollector.dll, AssemblyResolver.OnResolve: Resolved assembly: Microsoft.TestPlatform.Extensions.BlameDataCollector, from path: C:\Program Files\dotnet\sdk\6.0.302\Extensions\Microsoft.TestPlatform.Extensions.BlameDataCollector.dll
TpTrace Verbose: 0 : 41512, 1, 2022/08/30, 08:57:58.627, 2627169651541, datacollector.dll, MetadataReaderExtensionsHelper: Discovering extensions inside assembly 'Microsoft.TestPlatform.Extensions.BlameDataCollector, Version=15.0.0.0, Culture=neutral, PublicKeyToken=b03f5f7f11d50a3a' file path 'C:\Program Files\dotnet\sdk\6.0.302\Extensions\Microsoft.TestPlatform.Extensions.BlameDataCollector.dll'
TpTrace Error: 0 : 41512, 1, 2022/08/30, 08:57:58.635, 2627169727540, datacollector.dll, The type "Microsoft.TestPlatform.Extensions.BlameDataCollector.BlameCollector" defined in "Microsoft.TestPlatform.Extensions.BlameDataCollector.dll" does not have ExtensionUri attribute.
TpTrace Information: 0 : 41512, 1, 2022/08/30, 08:57:58.636, 2627169737605, datacollector.dll, GetTestExtensionFromType: Register extension with identifier data 'datacollector://microsoft/TestPlatform/Extensions/Blame/v1' and type 'Microsoft.TestPlatform.Extensions.BlameDataCollector.BlameCollector, Microsoft.TestPlatform.Extensions.BlameDataCollector, Version=15.0.0.0, Culture=neutral, PublicKeyToken=b03f5f7f11d50a3a' inside file 'C:\Program Files\dotnet\sdk\6.0.302\Extensions\Microsoft.TestPlatform.Extensions.BlameDataCollector.dll'
TpTrace Information: 0 : 41512, 1, 2022/08/30, 08:57:58.636, 2627169739251, datacollector.dll, AssemblyResolver.OnResolve: Microsoft.TestPlatform.Extensions.EventLogCollector: Resolving assembly.
TpTrace Information: 0 : 41512, 1, 2022/08/30, 08:57:58.636, 2627169739527, datacollector.dll, AssemblyResolver.OnResolve: Microsoft.TestPlatform.Extensions.EventLogCollector: Searching in: 'C:\Program Files\dotnet\sdk\6.0.302\Extensions'.
TpTrace Information: 0 : 41512, 1, 2022/08/30, 08:57:58.637, 2627169748565, datacollector.dll, AssemblyResolver.OnResolve: Microsoft.TestPlatform.Extensions.EventLogCollector: Loading assembly 'C:\Program Files\dotnet\sdk\6.0.302\Extensions\Microsoft.TestPlatform.Extensions.EventLogCollector.dll'.
TpTrace Information: 0 : 41512, 1, 2022/08/30, 08:57:58.638, 2627169759702, datacollector.dll, AssemblyResolver.OnResolve: Resolved assembly: Microsoft.TestPlatform.Extensions.EventLogCollector, from path: C:\Program Files\dotnet\sdk\6.0.302\Extensions\Microsoft.TestPlatform.Extensions.EventLogCollector.dll
TpTrace Verbose: 0 : 41512, 1, 2022/08/30, 08:57:58.638, 2627169761520, datacollector.dll, MetadataReaderExtensionsHelper: Discovering extensions inside assembly 'Microsoft.TestPlatform.Extensions.EventLogCollector, Version=15.0.0.0, Culture=neutral, PublicKeyToken=b03f5f7f11d50a3a' file path 'C:\Program Files\dotnet\sdk\6.0.302\Extensions\Microsoft.TestPlatform.Extensions.EventLogCollector.dll'
TpTrace Error: 0 : 41512, 1, 2022/08/30, 08:57:58.640, 2627169782910, datacollector.dll, The type "Microsoft.TestPlatform.Extensions.EventLogCollector.EventLogDataCollector" defined in "Microsoft.TestPlatform.Extensions.EventLogCollector.dll" does not have ExtensionUri attribute.
TpTrace Information: 0 : 41512, 1, 2022/08/30, 08:57:58.640, 2627169785227, datacollector.dll, GetTestExtensionFromType: Register extension with identifier data 'datacollector://microsoft/EventLog/2.0' and type 'Microsoft.TestPlatform.Extensions.EventLogCollector.EventLogDataCollector, Microsoft.TestPlatform.Extensions.EventLogCollector, Version=15.0.0.0, Culture=neutral, PublicKeyToken=b03f5f7f11d50a3a' inside file 'C:\Program Files\dotnet\sdk\6.0.302\Extensions\Microsoft.TestPlatform.Extensions.EventLogCollector.dll'
TpTrace Verbose: 0 : 41512, 1, 2022/08/30, 08:57:58.641, 2627169787738, datacollector.dll, TestPluginCache: Discovered the extensions using extension path 'C:\Program Files\dotnet\sdk\6.0.302\Extensions\Microsoft.TestPlatform.Extensions.BlameDataCollector.dll,C:\Program Files\dotnet\sdk\6.0.302\Extensions\Microsoft.TestPlatform.Extensions.EventLogCollector.dll'.
TpTrace Verbose: 0 : 41512, 1, 2022/08/30, 08:57:58.641, 2627169788357, datacollector.dll, TestPluginCache: Discoverers are ''.
TpTrace Verbose: 0 : 41512, 1, 2022/08/30, 08:57:58.641, 2627169788519, datacollector.dll, TestPluginCache: Executors are ''.
TpTrace Verbose: 0 : 41512, 1, 2022/08/30, 08:57:58.641, 2627169788661, datacollector.dll, TestPluginCache: Executors2 are ''.
TpTrace Verbose: 0 : 41512, 1, 2022/08/30, 08:57:58.641, 2627169788887, datacollector.dll, TestPluginCache: Setting providers are ''.
TpTrace Verbose: 0 : 41512, 1, 2022/08/30, 08:57:58.641, 2627169789180, datacollector.dll, TestPluginCache: Loggers are ''.
TpTrace Verbose: 0 : 41512, 1, 2022/08/30, 08:57:58.641, 2627169789390, datacollector.dll, TestPluginCache: TestHosts are ''.
TpTrace Verbose: 0 : 41512, 1, 2022/08/30, 08:57:58.641, 2627169791495, datacollector.dll, TestPluginCache: DataCollectors are 'datacollector://microsoft/TestPlatform/Extensions/Blame/v1,datacollector://microsoft/EventLog/2.0'.
TpTrace Information: 0 : 41512, 1, 2022/08/30, 08:57:58.642, 2627169801304, datacollector.dll, TestPluginManager.CreateTestExtension: Attempting to load test extension: Microsoft.TestPlatform.Extensions.BlameDataCollector.BlameCollector
TpTrace Verbose: 0 : 41512, 1, 2022/08/30, 08:57:58.647, 2627169850716, datacollector.dll, MulticastDelegateUtilities.SafeInvoke: DataCollectionEvents.SessionStart: Invoking callbacks was skipped because there are no subscribers.
TpTrace Information: 0 : 41512, 1, 2022/08/30, 08:57:58.649, 2627169866169, datacollector.dll, Listening on Endpoint : 127.0.0.1:63475
TpTrace Information: 0 : 41512, 1, 2022/08/30, 08:57:58.655, 2627169934343, datacollector.dll, DataCollectionRequestHandler.ProcessRequests : DataCollection started.
TpTrace Information: 0 : 41512, 1, 2022/08/30, 08:57:58.681, 2627170190129, datacollector.dll, DataCollectionRequestHandler.ProcessRequests: Datacollector received message: (DataCollection.TestHostLaunched) -> {
  "ProcessId": 38624
}
TpTrace Verbose: 0 : 41512, 1, 2022/08/30, 08:57:58.683, 2627170207830, datacollector.dll, MulticastDelegateUtilities.SafeInvoke: DataCollectionEvents.TestHostLaunched: Invoking callback 1/1 for Microsoft.TestPlatform.Extensions.BlameDataCollector.BlameCollector.TestHostLaunchedHandler, took 0 ms.
TpTrace Verbose: 0 : 41512, 8, 2022/08/30, 08:57:58.854, 2627171918028, datacollector.dll, SocketCommunicationManager.WaitForClientConnection took: 202 ms, with 90000 ms timeout, and finished with True.
TpTrace Information: 0 : 41512, 5, 2022/08/30, 08:57:58.854, 2627171917973, datacollector.dll, Using the buffer size of 16384 bytes
TpTrace Information: 0 : 41512, 5, 2022/08/30, 08:57:58.854, 2627171920136, datacollector.dll, Accepted Client request and set the flag
TpTrace Information: 0 : 41512, 8, 2022/08/30, 08:58:00.380, 2627187176369, datacollector.dll, DataCollectionTestCaseEventHandler: Test case starting.
TpTrace Information: 0 : 41512, 8, 2022/08/30, 08:58:00.401, 2627187389267, datacollector.dll, Blame Collector : Test Case Start
TpTrace Verbose: 0 : 41512, 8, 2022/08/30, 08:58:00.402, 2627187396223, datacollector.dll, MulticastDelegateUtilities.SafeInvoke: DataCollectionEvents.TestCaseStart: Invoking callback 1/1 for Microsoft.TestPlatform.Extensions.BlameDataCollector.BlameCollector.EventsTestCaseStart, took 0 ms.
TpTrace Information: 0 : 41512, 8, 2022/08/30, 08:58:00.402, 2627187399706, datacollector.dll, DataCollectionTestCaseEventHandler: Test case 'xUnit.ContenedoresRest.ContainersTest.Containers_selectContainers_ContainersDespachados - 568e947d-bdbb-5859-5362-ed8079656525' started.
TpTrace Information: 0 : 41512, 8, 2022/08/30, 08:58:00.408, 2627187462779, datacollector.dll, DataCollectionTestCaseEventHandler: Test case completing.
TpTrace Information: 0 : 41512, 8, 2022/08/30, 08:58:00.412, 2627187499352, datacollector.dll, Blame Collector: Test Case End
TpTrace Verbose: 0 : 41512, 8, 2022/08/30, 08:58:00.412, 2627187501790, datacollector.dll, MulticastDelegateUtilities.SafeInvoke: DataCollectionEvents.TestCaseEnd: Invoking callback 1/1 for Microsoft.TestPlatform.Extensions.BlameDataCollector.BlameCollector.EventsTestCaseEnd, took 0 ms.
TpTrace Information: 0 : 41512, 8, 2022/08/30, 08:58:00.414, 2627187521075, datacollector.dll, DataCollectionTestCaseEventHandler: Test case 'xUnit.ContenedoresRest.ContainersTest.Containers_selectContainers_ContainersDespachados - 568e947d-bdbb-5859-5362-ed8079656525' completed
TpTrace Information: 0 : 41512, 8, 2022/08/30, 08:58:00.427, 2627187650663, datacollector.dll, DataCollectionTestCaseEventHandler: Test session ended
TpTrace Information: 0 : 41512, 1, 2022/08/30, 08:58:00.507, 2627188454487, datacollector.dll, DataCollectionRequestHandler.ProcessRequests: Datacollector received message: (DataCollection.AfterTestRunEnd) -> false
TpTrace Information: 0 : 41512, 1, 2022/08/30, 08:58:00.508, 2627188463412, datacollector.dll, Blame Collector: Session End
TpTrace Information: 0 : 41512, 1, 2022/08/30, 08:58:00.508, 2627188464273, datacollector.dll, BlameCollector.CollectDumpAndAbortTesthost: Custom path to dump directory was provided via VSTEST_DUMP_PATH. Skipping attachment upload, the caller is responsible for collecting and uploading the dumps themselves.
TpTrace Verbose: 0 : 41512, 1, 2022/08/30, 08:58:00.508, 2627188465317, datacollector.dll, MulticastDelegateUtilities.SafeInvoke: DataCollectionEvents.SessionEnd: Invoking callback 1/1 for Microsoft.TestPlatform.Extensions.BlameDataCollector.BlameCollector.SessionEndedHandler, took 0 ms.
TpTrace Information: 0 : 41512, 1, 2022/08/30, 08:58:00.509, 2627188469402, datacollector.dll, DataCollectionManager.CleanupPlugins: CleanupPlugins called
TpTrace Verbose: 0 : 41512, 1, 2022/08/30, 08:58:00.509, 2627188469846, datacollector.dll, DataCollectionManager.CleanupPlugins: Cleaning up 1 plugins
TpTrace Verbose: 0 : 41512, 1, 2022/08/30, 08:58:00.509, 2627188470405, datacollector.dll, dataCollectorInfo.DisposeDataCollector: calling Dispose() on Microsoft.TestPlatform.Extensions.BlameDataCollector.BlameCollector
TpTrace Information: 0 : 41512, 1, 2022/08/30, 08:58:00.509, 2627188470851, datacollector.dll, DataCollectionManager.CleanupPlugins: CleanupPlugins finished
TpTrace Information: 0 : 41512, 1, 2022/08/30, 08:58:00.513, 2627188511553, datacollector.dll, DataCollectionRequestHandler.ProcessRequests : Session End message received from server. Closing the connection.
TpTrace Information: 0 : 41512, 1, 2022/08/30, 08:58:00.513, 2627188513546, datacollector.dll, Closing the connection !
TpTrace Information: 0 : 41512, 1, 2022/08/30, 08:58:00.513, 2627188513912, datacollector.dll, DataCollectionRequestHandler.ProcessRequests : DataCollection completed
TpTrace Information: 0 : 41512, 1, 2022/08/30, 08:58:00.513, 2627188514082, datacollector.dll, Program.Main: exiting datacollector process.
