TpTrace Verbose: 0 : 34364, 1, 2022/08/26, 15:07:59.224, 2494232329114, datacollector.dll, Version: 17.2.0-release-20220408-11
TpTrace Information: 0 : 34364, 1, 2022/08/26, 15:07:59.228, 2494232368497, datacollector.dll, DataCollectorMain.Run: Starting data collector run with args: --port,60285,--parentprocessid,27704,--diag,C:\ContenedoresAPI\xUnit.ContenedoresRest\bin\Debug\net6.0\fine-code-coverage\coverage-tool-output\diagnostics.datacollector.22-08-26_15-07-59_12326_5.log,--tracelevel,4
TpTrace Information: 0 : 34364, 1, 2022/08/26, 15:07:59.228, 2494232369937, datacollector.dll, DataCollector: Monitoring parent process with id: '27704'
TpTrace Information: 0 : 34364, 1, 2022/08/26, 15:07:59.233, 2494232422401, datacollector.dll, Trying to connect to server on socket : 127.0.0.1:60285 
TpTrace Verbose: 0 : 34364, 1, 2022/08/26, 15:07:59.243, 2494232519498, datacollector.dll, SocketCommunicationManager : SetupClientAsync : Attempting to connect to the server.
TpTrace Information: 0 : 34364, 8, 2022/08/26, 15:07:59.251, 2494232602140, datacollector.dll, Connected to the server successfully 
TpTrace Information: 0 : 34364, 8, 2022/08/26, 15:07:59.251, 2494232603296, datacollector.dll, Using the buffer size of 16384 bytes
TpTrace Information: 0 : 34364, 1, 2022/08/26, 15:07:59.304, 2494233130923, datacollector.dll, DataCollector: Start Request Processing.
TpTrace Verbose: 0 : 34364, 1, 2022/08/26, 15:07:59.304, 2494233133672, datacollector.dll, SocketCommunicationManager.WaitForServerConnection took: 0 ms, with 90000 ms timeout, and finished with True.
TpTrace Information: 0 : 34364, 1, 2022/08/26, 15:07:59.314, 2494233227995, datacollector.dll, DataCollectionRequestHandler.ProcessRequests: Datacollector received message: (DataCollection.BeforeTestRunStart) -> {
  "SettingsXml": "<RunSettings><RunConfiguration><ResultsDirectory>C:\\ContenedoresAPI\\xUnit.ContenedoresRest\\bin\\Debug\\net6.0\\fine-code-coverage\\coverage-tool-output</ResultsDirectory><TargetPlatform>X64</TargetPlatform><TargetFrameworkVersion>.NETCoreApp,Version=v6.0</TargetFrameworkVersion><DesignMode>False</DesignMode><CollectSourceInformation>False</CollectSourceInformation><TestAdaptersPaths>C:\\Program Files\\dotnet\\sdk\\6.0.302\\Extensions</TestAdaptersPaths></RunConfiguration><LoggerRunSettings><Loggers><Logger friendlyName=\"blame\" enabled=\"True\" /><Logger friendlyName=\"Console\" uri=\"logger://microsoft/TestPlatform/ConsoleLogger/v1\" assemblyQualifiedName=\"Microsoft.VisualStudio.TestPlatform.CommandLine.Internal.ConsoleLogger, vstest.console, Version=15.0.0.0, Culture=neutral, PublicKeyToken=b03f5f7f11d50a3a\" codeBase=\"C:\\Program Files\\dotnet\\sdk\\6.0.302\\vstest.console.dll\" enabled=\"True\" /></Loggers></LoggerRunSettings><DataCollectionRunSettings><DataCollectors><DataCollector friendlyName=\"blame\" enabled=\"True\"><Configuration><ResultsDirectory>C:\\ContenedoresAPI\\xUnit.ContenedoresRest\\bin\\Debug\\net6.0\\fine-code-coverage\\coverage-tool-output</ResultsDirectory></Configuration></DataCollector></DataCollectors></DataCollectionRunSettings></RunSettings>",
  "Sources": [
    "C:\\ContenedoresAPI\\xUnit.ContenedoresRest\\bin\\Debug\\net6.0\\fine-code-coverage\\build-output\\xUnit.ContenedoresRest.dll"
  ],
  "IsTelemetryOptedIn": false
}
TpTrace Verbose: 0 : 34364, 1, 2022/08/26, 15:07:59.340, 2494233492950, datacollector.dll, TestPluginCache: Update extensions started. Skip filter = False
TpTrace Verbose: 0 : 34364, 1, 2022/08/26, 15:07:59.341, 2494233498757, datacollector.dll, TestPluginCache: Using directories for assembly resolution 'C:\Program Files\dotnet\sdk\6.0.302\Extensions'.
TpTrace Verbose: 0 : 34364, 1, 2022/08/26, 15:07:59.341, 2494233499166, datacollector.dll, TestPluginCache: Updated the available extensions to 'C:\Program Files\dotnet\sdk\6.0.302\Extensions\Microsoft.TestPlatform.Extensions.BlameDataCollector.dll,C:\Program Files\dotnet\sdk\6.0.302\Extensions\Microsoft.TestPlatform.Extensions.EventLogCollector.dll'.
TpTrace Verbose: 0 : 34364, 1, 2022/08/26, 15:07:59.345, 2494233543876, datacollector.dll, TestPluginCache.DiscoverTestExtensions: finding test extensions in assemblies ends with: Collector.dll TPluginInfo: Microsoft.VisualStudio.TestPlatform.Common.DataCollector.DataCollectorConfig TExtension: Microsoft.VisualStudio.TestPlatform.ObjectModel.DataCollection.DataCollector
TpTrace Verbose: 0 : 34364, 1, 2022/08/26, 15:07:59.346, 2494233546049, datacollector.dll, TestPluginCache.GetExtensionPaths: Filtered extension paths: C:\Program Files\dotnet\sdk\6.0.302\Extensions\Microsoft.TestPlatform.Extensions.BlameDataCollector.dll
C:\Program Files\dotnet\sdk\6.0.302\Extensions\Microsoft.TestPlatform.Extensions.EventLogCollector.dll
TpTrace Verbose: 0 : 34364, 1, 2022/08/26, 15:07:59.346, 2494233546378, datacollector.dll, TestPluginCache.GetExtensionPaths: Added default extension paths: 
TpTrace Verbose: 0 : 34364, 1, 2022/08/26, 15:07:59.346, 2494233546536, datacollector.dll, TestPluginCache.GetExtensionPaths: Added unfilterableExtensionPaths: 
TpTrace Information: 0 : 34364, 1, 2022/08/26, 15:07:59.346, 2494233550641, datacollector.dll, AssemblyResolver.ctor: Creating AssemblyResolver with searchDirectories C:\Program Files\dotnet\sdk\6.0.302\Extensions,C:\Program Files\dotnet\sdk\6.0.302
TpTrace Verbose: 0 : 34364, 1, 2022/08/26, 15:07:59.347, 2494233559421, datacollector.dll, TestPluginCache.DiscoverTestExtensions: Discovering the extensions using extension path.
TpTrace Verbose: 0 : 34364, 1, 2022/08/26, 15:07:59.347, 2494233560781, datacollector.dll, TestPluginCache.GetExtensionPaths: Filtered extension paths: C:\Program Files\dotnet\sdk\6.0.302\Extensions\Microsoft.TestPlatform.Extensions.BlameDataCollector.dll
C:\Program Files\dotnet\sdk\6.0.302\Extensions\Microsoft.TestPlatform.Extensions.EventLogCollector.dll
TpTrace Verbose: 0 : 34364, 1, 2022/08/26, 15:07:59.347, 2494233561020, datacollector.dll, TestPluginCache.GetExtensionPaths: Added default extension paths: 
TpTrace Verbose: 0 : 34364, 1, 2022/08/26, 15:07:59.347, 2494233561172, datacollector.dll, TestPluginCache.GetExtensionPaths: Added unfilterableExtensionPaths: 
TpTrace Verbose: 0 : 34364, 1, 2022/08/26, 15:07:59.347, 2494233561539, datacollector.dll, TestPluginCache.DiscoverTestExtensions: Discovering the extensions using allExtensionPaths: C:\Program Files\dotnet\sdk\6.0.302\Extensions\Microsoft.TestPlatform.Extensions.BlameDataCollector.dll
C:\Program Files\dotnet\sdk\6.0.302\Extensions\Microsoft.TestPlatform.Extensions.EventLogCollector.dll
TpTrace Information: 0 : 34364, 1, 2022/08/26, 15:07:59.347, 2494233562355, datacollector.dll, AssemblyResolver.AddSearchDirectories: Adding more searchDirectories C:\Program Files\dotnet\sdk\6.0.302\Extensions,C:\Program Files\dotnet\sdk\6.0.302
TpTrace Information: 0 : 34364, 1, 2022/08/26, 15:07:59.347, 2494233562674, datacollector.dll, AssemblyResolver.AddSearchDirectories: Adding more searchDirectories C:\Program Files\dotnet\sdk\6.0.302\Extensions,C:\Program Files\dotnet\sdk\6.0.302
TpTrace Information: 0 : 34364, 1, 2022/08/26, 15:07:59.348, 2494233565248, datacollector.dll, AssemblyResolver.OnResolve: Microsoft.TestPlatform.Extensions.BlameDataCollector: Resolving assembly.
TpTrace Information: 0 : 34364, 1, 2022/08/26, 15:07:59.348, 2494233565832, datacollector.dll, AssemblyResolver.OnResolve: Microsoft.TestPlatform.Extensions.BlameDataCollector: Searching in: 'C:\Program Files\dotnet\sdk\6.0.302\Extensions'.
TpTrace Information: 0 : 34364, 1, 2022/08/26, 15:07:59.349, 2494233578201, datacollector.dll, AssemblyResolver.OnResolve: Microsoft.TestPlatform.Extensions.BlameDataCollector: Loading assembly 'C:\Program Files\dotnet\sdk\6.0.302\Extensions\Microsoft.TestPlatform.Extensions.BlameDataCollector.dll'.
TpTrace Information: 0 : 34364, 1, 2022/08/26, 15:07:59.350, 2494233591093, datacollector.dll, AssemblyResolver.OnResolve: Resolved assembly: Microsoft.TestPlatform.Extensions.BlameDataCollector, from path: C:\Program Files\dotnet\sdk\6.0.302\Extensions\Microsoft.TestPlatform.Extensions.BlameDataCollector.dll
TpTrace Verbose: 0 : 34364, 1, 2022/08/26, 15:07:59.354, 2494233632889, datacollector.dll, MetadataReaderExtensionsHelper: Discovering extensions inside assembly 'Microsoft.TestPlatform.Extensions.BlameDataCollector, Version=15.0.0.0, Culture=neutral, PublicKeyToken=b03f5f7f11d50a3a' file path 'C:\Program Files\dotnet\sdk\6.0.302\Extensions\Microsoft.TestPlatform.Extensions.BlameDataCollector.dll'
TpTrace Error: 0 : 34364, 1, 2022/08/26, 15:07:59.363, 2494233715362, datacollector.dll, The type "Microsoft.TestPlatform.Extensions.BlameDataCollector.BlameCollector" defined in "Microsoft.TestPlatform.Extensions.BlameDataCollector.dll" does not have ExtensionUri attribute.
TpTrace Information: 0 : 34364, 1, 2022/08/26, 15:07:59.363, 2494233723705, datacollector.dll, GetTestExtensionFromType: Register extension with identifier data 'datacollector://microsoft/TestPlatform/Extensions/Blame/v1' and type 'Microsoft.TestPlatform.Extensions.BlameDataCollector.BlameCollector, Microsoft.TestPlatform.Extensions.BlameDataCollector, Version=15.0.0.0, Culture=neutral, PublicKeyToken=b03f5f7f11d50a3a' inside file 'C:\Program Files\dotnet\sdk\6.0.302\Extensions\Microsoft.TestPlatform.Extensions.BlameDataCollector.dll'
TpTrace Information: 0 : 34364, 1, 2022/08/26, 15:07:59.363, 2494233724882, datacollector.dll, AssemblyResolver.OnResolve: Microsoft.TestPlatform.Extensions.EventLogCollector: Resolving assembly.
TpTrace Information: 0 : 34364, 1, 2022/08/26, 15:07:59.363, 2494233725124, datacollector.dll, AssemblyResolver.OnResolve: Microsoft.TestPlatform.Extensions.EventLogCollector: Searching in: 'C:\Program Files\dotnet\sdk\6.0.302\Extensions'.
TpTrace Information: 0 : 34364, 1, 2022/08/26, 15:07:59.364, 2494233732874, datacollector.dll, AssemblyResolver.OnResolve: Microsoft.TestPlatform.Extensions.EventLogCollector: Loading assembly 'C:\Program Files\dotnet\sdk\6.0.302\Extensions\Microsoft.TestPlatform.Extensions.EventLogCollector.dll'.
TpTrace Information: 0 : 34364, 1, 2022/08/26, 15:07:59.365, 2494233740912, datacollector.dll, AssemblyResolver.OnResolve: Resolved assembly: Microsoft.TestPlatform.Extensions.EventLogCollector, from path: C:\Program Files\dotnet\sdk\6.0.302\Extensions\Microsoft.TestPlatform.Extensions.EventLogCollector.dll
TpTrace Verbose: 0 : 34364, 1, 2022/08/26, 15:07:59.365, 2494233742239, datacollector.dll, MetadataReaderExtensionsHelper: Discovering extensions inside assembly 'Microsoft.TestPlatform.Extensions.EventLogCollector, Version=15.0.0.0, Culture=neutral, PublicKeyToken=b03f5f7f11d50a3a' file path 'C:\Program Files\dotnet\sdk\6.0.302\Extensions\Microsoft.TestPlatform.Extensions.EventLogCollector.dll'
TpTrace Error: 0 : 34364, 1, 2022/08/26, 15:07:59.367, 2494233760234, datacollector.dll, The type "Microsoft.TestPlatform.Extensions.EventLogCollector.EventLogDataCollector" defined in "Microsoft.TestPlatform.Extensions.EventLogCollector.dll" does not have ExtensionUri attribute.
TpTrace Information: 0 : 34364, 1, 2022/08/26, 15:07:59.367, 2494233761920, datacollector.dll, GetTestExtensionFromType: Register extension with identifier data 'datacollector://microsoft/EventLog/2.0' and type 'Microsoft.TestPlatform.Extensions.EventLogCollector.EventLogDataCollector, Microsoft.TestPlatform.Extensions.EventLogCollector, Version=15.0.0.0, Culture=neutral, PublicKeyToken=b03f5f7f11d50a3a' inside file 'C:\Program Files\dotnet\sdk\6.0.302\Extensions\Microsoft.TestPlatform.Extensions.EventLogCollector.dll'
TpTrace Verbose: 0 : 34364, 1, 2022/08/26, 15:07:59.367, 2494233763640, datacollector.dll, TestPluginCache: Discovered the extensions using extension path 'C:\Program Files\dotnet\sdk\6.0.302\Extensions\Microsoft.TestPlatform.Extensions.BlameDataCollector.dll,C:\Program Files\dotnet\sdk\6.0.302\Extensions\Microsoft.TestPlatform.Extensions.EventLogCollector.dll'.
TpTrace Verbose: 0 : 34364, 1, 2022/08/26, 15:07:59.367, 2494233763943, datacollector.dll, TestPluginCache: Discoverers are ''.
TpTrace Verbose: 0 : 34364, 1, 2022/08/26, 15:07:59.367, 2494233764098, datacollector.dll, TestPluginCache: Executors are ''.
TpTrace Verbose: 0 : 34364, 1, 2022/08/26, 15:07:59.367, 2494233764236, datacollector.dll, TestPluginCache: Executors2 are ''.
TpTrace Verbose: 0 : 34364, 1, 2022/08/26, 15:07:59.367, 2494233764481, datacollector.dll, TestPluginCache: Setting providers are ''.
TpTrace Verbose: 0 : 34364, 1, 2022/08/26, 15:07:59.367, 2494233764640, datacollector.dll, TestPluginCache: Loggers are ''.
TpTrace Verbose: 0 : 34364, 1, 2022/08/26, 15:07:59.367, 2494233764776, datacollector.dll, TestPluginCache: TestHosts are ''.
TpTrace Verbose: 0 : 34364, 1, 2022/08/26, 15:07:59.368, 2494233766080, datacollector.dll, TestPluginCache: DataCollectors are 'datacollector://microsoft/TestPlatform/Extensions/Blame/v1,datacollector://microsoft/EventLog/2.0'.
TpTrace Information: 0 : 34364, 1, 2022/08/26, 15:07:59.368, 2494233773823, datacollector.dll, TestPluginManager.CreateTestExtension: Attempting to load test extension: Microsoft.TestPlatform.Extensions.BlameDataCollector.BlameCollector
TpTrace Verbose: 0 : 34364, 1, 2022/08/26, 15:07:59.372, 2494233809370, datacollector.dll, MulticastDelegateUtilities.SafeInvoke: DataCollectionEvents.SessionStart: Invoking callbacks was skipped because there are no subscribers.
TpTrace Information: 0 : 34364, 1, 2022/08/26, 15:07:59.373, 2494233820812, datacollector.dll, Listening on Endpoint : 127.0.0.1:60290
TpTrace Information: 0 : 34364, 1, 2022/08/26, 15:07:59.379, 2494233880366, datacollector.dll, DataCollectionRequestHandler.ProcessRequests : DataCollection started.
TpTrace Information: 0 : 34364, 1, 2022/08/26, 15:07:59.397, 2494234060142, datacollector.dll, DataCollectionRequestHandler.ProcessRequests: Datacollector received message: (DataCollection.TestHostLaunched) -> {
  "ProcessId": 3208
}
TpTrace Verbose: 0 : 34364, 1, 2022/08/26, 15:07:59.398, 2494234074609, datacollector.dll, MulticastDelegateUtilities.SafeInvoke: DataCollectionEvents.TestHostLaunched: Invoking callback 1/1 for Microsoft.TestPlatform.Extensions.BlameDataCollector.BlameCollector.TestHostLaunchedHandler, took 0 ms.
TpTrace Information: 0 : 34364, 5, 2022/08/26, 15:07:59.545, 2494235536448, datacollector.dll, Using the buffer size of 16384 bytes
TpTrace Information: 0 : 34364, 5, 2022/08/26, 15:07:59.545, 2494235537303, datacollector.dll, Accepted Client request and set the flag
TpTrace Verbose: 0 : 34364, 8, 2022/08/26, 15:07:59.545, 2494235536890, datacollector.dll, SocketCommunicationManager.WaitForClientConnection took: 168 ms, with 90000 ms timeout, and finished with True.
TpTrace Information: 0 : 34364, 8, 2022/08/26, 15:08:00.803, 2494248117383, datacollector.dll, DataCollectionTestCaseEventHandler: Test case starting.
TpTrace Information: 0 : 34364, 8, 2022/08/26, 15:08:00.813, 2494248220401, datacollector.dll, Blame Collector : Test Case Start
TpTrace Verbose: 0 : 34364, 8, 2022/08/26, 15:08:00.813, 2494248222610, datacollector.dll, MulticastDelegateUtilities.SafeInvoke: DataCollectionEvents.TestCaseStart: Invoking callback 1/1 for Microsoft.TestPlatform.Extensions.BlameDataCollector.BlameCollector.EventsTestCaseStart, took 0 ms.
TpTrace Information: 0 : 34364, 8, 2022/08/26, 15:08:00.813, 2494248224454, datacollector.dll, DataCollectionTestCaseEventHandler: Test case 'xUnit.ContenedoresRest.ContainersTest.Containers_selectContainers_ContainersDespachados - 568e947d-bdbb-5859-5362-ed8079656525' started.
TpTrace Information: 0 : 34364, 8, 2022/08/26, 15:08:02.353, 2494263624738, datacollector.dll, DataCollectionTestCaseEventHandler: Test case completing.
TpTrace Information: 0 : 34364, 8, 2022/08/26, 15:08:02.356, 2494263652635, datacollector.dll, Blame Collector: Test Case End
TpTrace Verbose: 0 : 34364, 8, 2022/08/26, 15:08:02.357, 2494263655595, datacollector.dll, MulticastDelegateUtilities.SafeInvoke: DataCollectionEvents.TestCaseEnd: Invoking callback 1/1 for Microsoft.TestPlatform.Extensions.BlameDataCollector.BlameCollector.EventsTestCaseEnd, took 0 ms.
TpTrace Information: 0 : 34364, 8, 2022/08/26, 15:08:02.359, 2494263679356, datacollector.dll, DataCollectionTestCaseEventHandler: Test case 'xUnit.ContenedoresRest.ContainersTest.Containers_selectContainers_ContainersDespachados - 568e947d-bdbb-5859-5362-ed8079656525' completed
TpTrace Information: 0 : 34364, 8, 2022/08/26, 15:08:02.367, 2494263757496, datacollector.dll, DataCollectionTestCaseEventHandler: Test case starting.
TpTrace Information: 0 : 34364, 8, 2022/08/26, 15:08:02.367, 2494263761891, datacollector.dll, Blame Collector : Test Case Start
TpTrace Verbose: 0 : 34364, 8, 2022/08/26, 15:08:02.367, 2494263762900, datacollector.dll, MulticastDelegateUtilities.SafeInvoke: DataCollectionEvents.TestCaseStart: Invoking callback 1/1 for Microsoft.TestPlatform.Extensions.BlameDataCollector.BlameCollector.EventsTestCaseStart, took 0 ms.
TpTrace Information: 0 : 34364, 8, 2022/08/26, 15:08:02.367, 2494263764789, datacollector.dll, DataCollectionTestCaseEventHandler: Test case 'xUnit.ContenedoresRest.ContainersTest.Containers_selectContainers_ContainersTransportCostCero - 0e2baae1-90b0-0d90-8c74-de2f9cd3e8b1' started.
TpTrace Information: 0 : 34364, 8, 2022/08/26, 15:08:02.369, 2494263778242, datacollector.dll, DataCollectionTestCaseEventHandler: Test case completing.
TpTrace Information: 0 : 34364, 8, 2022/08/26, 15:08:02.369, 2494263780414, datacollector.dll, Blame Collector: Test Case End
TpTrace Verbose: 0 : 34364, 8, 2022/08/26, 15:08:02.369, 2494263780745, datacollector.dll, MulticastDelegateUtilities.SafeInvoke: DataCollectionEvents.TestCaseEnd: Invoking callback 1/1 for Microsoft.TestPlatform.Extensions.BlameDataCollector.BlameCollector.EventsTestCaseEnd, took 0 ms.
TpTrace Information: 0 : 34364, 8, 2022/08/26, 15:08:02.369, 2494263781871, datacollector.dll, DataCollectionTestCaseEventHandler: Test case 'xUnit.ContenedoresRest.ContainersTest.Containers_selectContainers_ContainersTransportCostCero - 0e2baae1-90b0-0d90-8c74-de2f9cd3e8b1' completed
TpTrace Information: 0 : 34364, 8, 2022/08/26, 15:08:02.370, 2494263791876, datacollector.dll, DataCollectionTestCaseEventHandler: Test case starting.
TpTrace Information: 0 : 34364, 8, 2022/08/26, 15:08:02.370, 2494263793449, datacollector.dll, Blame Collector : Test Case Start
TpTrace Verbose: 0 : 34364, 8, 2022/08/26, 15:08:02.370, 2494263793762, datacollector.dll, MulticastDelegateUtilities.SafeInvoke: DataCollectionEvents.TestCaseStart: Invoking callback 1/1 for Microsoft.TestPlatform.Extensions.BlameDataCollector.BlameCollector.EventsTestCaseStart, took 0 ms.
TpTrace Information: 0 : 34364, 8, 2022/08/26, 15:08:02.370, 2494263794469, datacollector.dll, DataCollectionTestCaseEventHandler: Test case 'xUnit.ContenedoresRest.ContainersTest.Containers_GetStats - 8b3e767c-b101-a4b6-6c64-75065759756f' started.
TpTrace Information: 0 : 34364, 8, 2022/08/26, 15:08:02.751, 2494267604226, datacollector.dll, DataCollectionTestCaseEventHandler: Test case completing.
TpTrace Information: 0 : 34364, 8, 2022/08/26, 15:08:02.752, 2494267609311, datacollector.dll, Blame Collector: Test Case End
TpTrace Verbose: 0 : 34364, 8, 2022/08/26, 15:08:02.752, 2494267609954, datacollector.dll, MulticastDelegateUtilities.SafeInvoke: DataCollectionEvents.TestCaseEnd: Invoking callback 1/1 for Microsoft.TestPlatform.Extensions.BlameDataCollector.BlameCollector.EventsTestCaseEnd, took 0 ms.
TpTrace Information: 0 : 34364, 8, 2022/08/26, 15:08:02.752, 2494267611602, datacollector.dll, DataCollectionTestCaseEventHandler: Test case 'xUnit.ContenedoresRest.ContainersTest.Containers_GetStats - 8b3e767c-b101-a4b6-6c64-75065759756f' completed
TpTrace Information: 0 : 34364, 8, 2022/08/26, 15:08:02.753, 2494267619513, datacollector.dll, DataCollectionTestCaseEventHandler: Test case starting.
TpTrace Information: 0 : 34364, 8, 2022/08/26, 15:08:02.753, 2494267624016, datacollector.dll, Blame Collector : Test Case Start
TpTrace Verbose: 0 : 34364, 8, 2022/08/26, 15:08:02.753, 2494267624992, datacollector.dll, MulticastDelegateUtilities.SafeInvoke: DataCollectionEvents.TestCaseStart: Invoking callback 1/1 for Microsoft.TestPlatform.Extensions.BlameDataCollector.BlameCollector.EventsTestCaseStart, took 0 ms.
TpTrace Information: 0 : 34364, 8, 2022/08/26, 15:08:02.754, 2494267626716, datacollector.dll, DataCollectionTestCaseEventHandler: Test case 'xUnit.ContenedoresRest.ContainersTest.Containers_selectContainers_ContainersBudgetCero - 89e14069-c13c-469e-89e0-c7cac338c4fe' started.
TpTrace Information: 0 : 34364, 8, 2022/08/26, 15:08:02.754, 2494267634128, datacollector.dll, DataCollectionTestCaseEventHandler: Test case completing.
TpTrace Information: 0 : 34364, 8, 2022/08/26, 15:08:02.755, 2494267636587, datacollector.dll, Blame Collector: Test Case End
TpTrace Verbose: 0 : 34364, 8, 2022/08/26, 15:08:02.755, 2494267637352, datacollector.dll, MulticastDelegateUtilities.SafeInvoke: DataCollectionEvents.TestCaseEnd: Invoking callback 1/1 for Microsoft.TestPlatform.Extensions.BlameDataCollector.BlameCollector.EventsTestCaseEnd, took 0 ms.
TpTrace Information: 0 : 34364, 8, 2022/08/26, 15:08:02.755, 2494267638537, datacollector.dll, DataCollectionTestCaseEventHandler: Test case 'xUnit.ContenedoresRest.ContainersTest.Containers_selectContainers_ContainersBudgetCero - 89e14069-c13c-469e-89e0-c7cac338c4fe' completed
TpTrace Information: 0 : 34364, 8, 2022/08/26, 15:08:02.761, 2494267701572, datacollector.dll, DataCollectionTestCaseEventHandler: Test session ended
TpTrace Information: 0 : 34364, 1, 2022/08/26, 15:08:02.821, 2494268298970, datacollector.dll, DataCollectionRequestHandler.ProcessRequests: Datacollector received message: (DataCollection.AfterTestRunEnd) -> false
TpTrace Information: 0 : 34364, 1, 2022/08/26, 15:08:02.822, 2494268308475, datacollector.dll, Blame Collector: Session End
TpTrace Information: 0 : 34364, 1, 2022/08/26, 15:08:02.822, 2494268309629, datacollector.dll, BlameCollector.CollectDumpAndAbortTesthost: Custom path to dump directory was provided via VSTEST_DUMP_PATH. Skipping attachment upload, the caller is responsible for collecting and uploading the dumps themselves.
TpTrace Verbose: 0 : 34364, 1, 2022/08/26, 15:08:02.822, 2494268310580, datacollector.dll, MulticastDelegateUtilities.SafeInvoke: DataCollectionEvents.SessionEnd: Invoking callback 1/1 for Microsoft.TestPlatform.Extensions.BlameDataCollector.BlameCollector.SessionEndedHandler, took 0 ms.
TpTrace Information: 0 : 34364, 1, 2022/08/26, 15:08:02.823, 2494268316390, datacollector.dll, DataCollectionManager.CleanupPlugins: CleanupPlugins called
TpTrace Verbose: 0 : 34364, 1, 2022/08/26, 15:08:02.823, 2494268317423, datacollector.dll, DataCollectionManager.CleanupPlugins: Cleaning up 1 plugins
TpTrace Verbose: 0 : 34364, 1, 2022/08/26, 15:08:02.823, 2494268318357, datacollector.dll, dataCollectorInfo.DisposeDataCollector: calling Dispose() on Microsoft.TestPlatform.Extensions.BlameDataCollector.BlameCollector
TpTrace Information: 0 : 34364, 1, 2022/08/26, 15:08:02.823, 2494268318850, datacollector.dll, DataCollectionManager.CleanupPlugins: CleanupPlugins finished
TpTrace Information: 0 : 34364, 1, 2022/08/26, 15:08:02.838, 2494268472297, datacollector.dll, DataCollectionRequestHandler.ProcessRequests : Session End message received from server. Closing the connection.
TpTrace Information: 0 : 34364, 1, 2022/08/26, 15:08:02.839, 2494268476713, datacollector.dll, Closing the connection !
TpTrace Information: 0 : 34364, 1, 2022/08/26, 15:08:02.839, 2494268477885, datacollector.dll, DataCollectionRequestHandler.ProcessRequests : DataCollection completed
TpTrace Information: 0 : 34364, 1, 2022/08/26, 15:08:02.839, 2494268478333, datacollector.dll, Program.Main: exiting datacollector process.
