TpTrace Verbose: 0 : 3208, 1, 2022/08/26, 15:07:59.498, 2494235087593, testhost.dll, Version: 17.1.0
TpTrace Information: 0 : 3208, 1, 2022/08/26, 15:07:59.504, 2494235129883, testhost.dll, DefaultEngineInvoker.Invoke: Testhost process started with args :[--port, 60291],[--endpoint, 127.0.0.1:060291],[--role, client],[--parentprocessid, 27704],[--diag, C:\ContenedoresAPI\xUnit.ContenedoresRest\bin\Debug\net6.0\fine-code-coverage\coverage-tool-output\diagnostics.host.22-08-26_15-07-59_38929_5.log],[--tracelevel, 4],[--datacollectionport, 60290],[--telemetryoptedin, false]
TpTrace Information: 0 : 3208, 1, 2022/08/26, 15:07:59.507, 2494235159797, testhost.dll, Setting up debug trace listener.
TpTrace Verbose: 0 : 3208, 1, 2022/08/26, 15:07:59.507, 2494235161878, testhost.dll, TestPlatformTraceListener.Setup: Replacing listener 0 with TestHostTraceListener.
TpTrace Verbose: 0 : 3208, 1, 2022/08/26, 15:07:59.507, 2494235162170, testhost.dll, TestPlatformTraceListener.Setup: Added test platform trace listener.
TpTrace Information: 0 : 3208, 1, 2022/08/26, 15:07:59.508, 2494235169903, testhost.dll, DefaultEngineInvoker.SetParentProcessExitCallback: Monitoring parent process with id: '27704'
TpTrace Information: 0 : 3208, 1, 2022/08/26, 15:07:59.515, 2494235238854, testhost.dll, DefaultEngineInvoker.GetConnectionInfo: Initialize communication on endpoint address: '127.0.0.1:060291'
TpTrace Information: 0 : 3208, 1, 2022/08/26, 15:07:59.522, 2494235311933, testhost.dll, SocketClient.Start: connecting to server endpoint: 127.0.0.1:060291
TpTrace Information: 0 : 3208, 1, 2022/08/26, 15:07:59.529, 2494235380005, testhost.dll, DefaultEngineInvoker.ConnectToDatacollector: Connecting to datacollector, port: 60290
TpTrace Information: 0 : 3208, 9, 2022/08/26, 15:07:59.537, 2494235461742, testhost.dll, SocketClient.OnServerConnected: connected to server endpoint: 127.0.0.1:060291
TpTrace Verbose: 0 : 3208, 9, 2022/08/26, 15:07:59.541, 2494235499350, testhost.dll, Connected to server, and starting MessageLoopAsync
TpTrace Information: 0 : 3208, 1, 2022/08/26, 15:07:59.541, 2494235502334, testhost.dll, Trying to connect to server on socket : 127.0.0.1:60290 
TpTrace Verbose: 0 : 3208, 1, 2022/08/26, 15:07:59.542, 2494235507208, testhost.dll, SocketCommunicationManager : SetupClientAsync : Attempting to connect to the server.
TpTrace Information: 0 : 3208, 11, 2022/08/26, 15:07:59.544, 2494235525751, testhost.dll, Connected to the server successfully 
TpTrace Information: 0 : 3208, 11, 2022/08/26, 15:07:59.544, 2494235527065, testhost.dll, Using the buffer size of 16384 bytes
TpTrace Information: 0 : 3208, 1, 2022/08/26, 15:07:59.544, 2494235533854, testhost.dll, DefaultEngineInvoker.Invoke: Start Request Processing.
TpTrace Verbose: 0 : 3208, 10, 2022/08/26, 15:07:59.545, 2494235542923, testhost.dll, TcpClientExtensions.MessageLoopAsync: Polling on remoteEndPoint: [::ffff:127.0.0.1]:60291 localEndPoint: [::ffff:127.0.0.1]:60292
TpTrace Information: 0 : 3208, 12, 2022/08/26, 15:07:59.546, 2494235546182, testhost.dll, DefaultEngineInvoker.StartProcessingAsync: Connected to vstest.console, Starting process requests.
TpTrace Verbose: 0 : 3208, 10, 2022/08/26, 15:07:59.546, 2494235546453, testhost.dll, TcpClientExtensions.MessageLoopAsync: NotifyDataAvailable remoteEndPoint: [::ffff:127.0.0.1]:60291 localEndPoint: [::ffff:127.0.0.1]:60292
TpTrace Information: 0 : 3208, 10, 2022/08/26, 15:07:59.631, 2494236403537, testhost.dll, TestRequestHandler.OnMessageReceived: received message: (ProtocolVersion) -> 6
TpTrace Verbose: 0 : 3208, 10, 2022/08/26, 15:07:59.666, 2494236747818, testhost.dll, TestRequestHandler.SendData:  sending data from testhost: {"Version":5,"MessageType":"TestSession.Message","Payload":{"MessageLevel":0,"Message":"Registrando diagnóstico de TestHost en el archivo: C:\\ContenedoresAPI\\xUnit.ContenedoresRest\\bin\\Debug\\net6.0\\fine-code-coverage\\coverage-tool-output\\diagnostics.host.22-08-26_15-07-59_38929_5.log"}}
TpTrace Verbose: 0 : 3208, 10, 2022/08/26, 15:07:59.666, 2494236750557, testhost.dll, TcpClientExtensions.MessageLoopAsync: Polling on remoteEndPoint: [::ffff:127.0.0.1]:60291 localEndPoint: [::ffff:127.0.0.1]:60292
TpTrace Verbose: 0 : 3208, 10, 2022/08/26, 15:07:59.666, 2494236751840, testhost.dll, TcpClientExtensions.MessageLoopAsync: NotifyDataAvailable remoteEndPoint: [::ffff:127.0.0.1]:60291 localEndPoint: [::ffff:127.0.0.1]:60292
TpTrace Information: 0 : 3208, 10, 2022/08/26, 15:07:59.670, 2494236785509, testhost.dll, TestRequestHandler.OnMessageReceived: received message: (TestExecution.Initialize) -> [
  "C:\\ContenedoresAPI\\xUnit.ContenedoresRest\\bin\\Debug\\net6.0\\fine-code-coverage\\build-output\\NUnit3.TestAdapter.dll",
  "C:\\ContenedoresAPI\\xUnit.ContenedoresRest\\bin\\Debug\\net6.0\\fine-code-coverage\\build-output\\xunit.runner.visualstudio.dotnetcore.testadapter.dll"
]
TpTrace Verbose: 0 : 3208, 10, 2022/08/26, 15:07:59.676, 2494236847571, testhost.dll, TcpClientExtensions.MessageLoopAsync: Polling on remoteEndPoint: [::ffff:127.0.0.1]:60291 localEndPoint: [::ffff:127.0.0.1]:60292
TpTrace Verbose: 0 : 3208, 10, 2022/08/26, 15:07:59.676, 2494236848865, testhost.dll, TcpClientExtensions.MessageLoopAsync: NotifyDataAvailable remoteEndPoint: [::ffff:127.0.0.1]:60291 localEndPoint: [::ffff:127.0.0.1]:60292
TpTrace Information: 0 : 3208, 4, 2022/08/26, 15:07:59.676, 2494236850529, testhost.dll, TestRequestHandler.OnMessageReceived: Running job 'TestExecution.Initialize'.
TpTrace Verbose: 0 : 3208, 4, 2022/08/26, 15:07:59.677, 2494236865070, testhost.dll, TestExecutorService: Loading the extensions
TpTrace Information: 0 : 3208, 10, 2022/08/26, 15:07:59.678, 2494236866048, testhost.dll, TestRequestHandler.OnMessageReceived: received message: (TestExecution.StartWithSources) -> {
  "AdapterSourceMap": {
    "_none_": [
      "C:\\ContenedoresAPI\\xUnit.ContenedoresRest\\bin\\Debug\\net6.0\\fine-code-coverage\\build-output\\xUnit.ContenedoresRest.dll"
    ]
  },
  "RunSettings": "<RunSettings>\r\n  <RunConfiguration>\r\n    <ResultsDirectory>C:\\ContenedoresAPI\\xUnit.ContenedoresRest\\bin\\Debug\\net6.0\\fine-code-coverage\\coverage-tool-output</ResultsDirectory>\r\n    <TargetFrameworkVersion>.NETCoreApp,Version=v6.0</TargetFrameworkVersion>\r\n    <DesignMode>False</DesignMode>\r\n    <CollectSourceInformation>False</CollectSourceInformation>\r\n  </RunConfiguration>\r\n  <LoggerRunSettings>\r\n    <Loggers>\r\n      <Logger friendlyName=\"blame\" enabled=\"True\" />\r\n      <Logger friendlyName=\"Console\" uri=\"logger://microsoft/TestPlatform/ConsoleLogger/v1\" assemblyQualifiedName=\"Microsoft.VisualStudio.TestPlatform.CommandLine.Internal.ConsoleLogger, vstest.console, Version=15.0.0.0, Culture=neutral, PublicKeyToken=b03f5f7f11d50a3a\" codeBase=\"C:\\Program Files\\dotnet\\sdk\\6.0.302\\vstest.console.dll\" enabled=\"True\" />\r\n    </Loggers>\r\n  </LoggerRunSettings>\r\n  <DataCollectionRunSettings>\r\n    <DataCollectors>\r\n      <DataCollector friendlyName=\"blame\" enabled=\"True\">\r\n        <Configuration>\r\n          <ResultsDirectory>C:\\ContenedoresAPI\\xUnit.ContenedoresRest\\bin\\Debug\\net6.0\\fine-code-coverage\\coverage-tool-output</ResultsDirectory>\r\n        </Configuration>\r\n      </DataCollector>\r\n    </DataCollectors>\r\n  </DataCollectionRunSettings>\r\n</RunSettings>",
  "TestExecutionContext": {
    "FrequencyOfRunStatsChangeEvent": 10,
    "RunStatsChangeEventTimeout": "00:00:01.5000000",
    "InIsolation": false,
    "KeepAlive": false,
    "AreTestCaseLevelEventsRequired": false,
    "IsDebug": false,
    "TestCaseFilter": null,
    "FilterOptions": null
  },
  "Package": null
}
TpTrace Verbose: 0 : 3208, 4, 2022/08/26, 15:07:59.683, 2494236917093, testhost.dll, TestPluginCache.DiscoverTestExtensions: finding test extensions in assemblies ends with: TestAdapter.dll TPluginInfo: Microsoft.VisualStudio.TestPlatform.Common.ExtensionFramework.Utilities.TestExecutorPluginInformation TExtension: Microsoft.VisualStudio.TestPlatform.ObjectModel.Adapter.ITestExecutor
TpTrace Verbose: 0 : 3208, 4, 2022/08/26, 15:07:59.688, 2494236966068, testhost.dll, TestPluginCache.GetExtensionPaths: Filtered extension paths: 
TpTrace Verbose: 0 : 3208, 4, 2022/08/26, 15:07:59.689, 2494236977774, testhost.dll, TestPluginCache.GetExtensionPaths: Added default extension paths: C:\ContenedoresAPI\xUnit.ContenedoresRest\bin\Debug\net6.0\fine-code-coverage\build-output\NUnit3.TestAdapter.dll
C:\ContenedoresAPI\xUnit.ContenedoresRest\bin\Debug\net6.0\fine-code-coverage\build-output\xunit.runner.visualstudio.dotnetcore.testadapter.dll
TpTrace Verbose: 0 : 3208, 4, 2022/08/26, 15:07:59.689, 2494236979803, testhost.dll, TestPluginCache.GetExtensionPaths: Added unfilterableExtensionPaths: 
TpTrace Information: 0 : 3208, 4, 2022/08/26, 15:07:59.692, 2494237009236, testhost.dll, AssemblyResolver.ctor: Creating AssemblyResolver with searchDirectories C:\ContenedoresAPI\xUnit.ContenedoresRest\bin\Debug\net6.0\fine-code-coverage\build-output
TpTrace Verbose: 0 : 3208, 4, 2022/08/26, 15:07:59.694, 2494237026630, testhost.dll, TestPluginCache.DiscoverTestExtensions: Discovering the extensions using extension path.
TpTrace Verbose: 0 : 3208, 4, 2022/08/26, 15:07:59.694, 2494237029353, testhost.dll, TestPluginCache.GetExtensionPaths: Filtered extension paths: 
TpTrace Verbose: 0 : 3208, 4, 2022/08/26, 15:07:59.694, 2494237029896, testhost.dll, TestPluginCache.GetExtensionPaths: Added default extension paths: C:\ContenedoresAPI\xUnit.ContenedoresRest\bin\Debug\net6.0\fine-code-coverage\build-output\NUnit3.TestAdapter.dll
C:\ContenedoresAPI\xUnit.ContenedoresRest\bin\Debug\net6.0\fine-code-coverage\build-output\xunit.runner.visualstudio.dotnetcore.testadapter.dll
TpTrace Verbose: 0 : 3208, 4, 2022/08/26, 15:07:59.694, 2494237030203, testhost.dll, TestPluginCache.GetExtensionPaths: Added unfilterableExtensionPaths: 
TpTrace Verbose: 0 : 3208, 4, 2022/08/26, 15:07:59.694, 2494237030890, testhost.dll, TestPluginCache.DiscoverTestExtensions: Discovering the extensions using allExtensionPaths: C:\ContenedoresAPI\xUnit.ContenedoresRest\bin\Debug\net6.0\fine-code-coverage\build-output\NUnit3.TestAdapter.dll
C:\ContenedoresAPI\xUnit.ContenedoresRest\bin\Debug\net6.0\fine-code-coverage\build-output\xunit.runner.visualstudio.dotnetcore.testadapter.dll
TpTrace Information: 0 : 3208, 4, 2022/08/26, 15:07:59.695, 2494237041960, testhost.dll, AssemblyResolver.AddSearchDirectories: Adding more searchDirectories C:\ContenedoresAPI\xUnit.ContenedoresRest\bin\Debug\net6.0\fine-code-coverage\build-output
TpTrace Information: 0 : 3208, 4, 2022/08/26, 15:07:59.695, 2494237042973, testhost.dll, AssemblyResolver.AddSearchDirectories: Adding more searchDirectories C:\ContenedoresAPI\xUnit.ContenedoresRest\bin\Debug\net6.0\fine-code-coverage\build-output
TpTrace Information: 0 : 3208, 4, 2022/08/26, 15:07:59.700, 2494237092353, testhost.dll, AssemblyResolver.OnResolve: NUnit3.TestAdapter: Resolving assembly.
TpTrace Information: 0 : 3208, 4, 2022/08/26, 15:07:59.700, 2494237093644, testhost.dll, AssemblyResolver.OnResolve: NUnit3.TestAdapter: Searching in: 'C:\ContenedoresAPI\xUnit.ContenedoresRest\bin\Debug\net6.0\fine-code-coverage\build-output'.
TpTrace Information: 0 : 3208, 4, 2022/08/26, 15:07:59.701, 2494237103955, testhost.dll, AssemblyResolver.OnResolve: NUnit3.TestAdapter: Loading assembly 'C:\ContenedoresAPI\xUnit.ContenedoresRest\bin\Debug\net6.0\fine-code-coverage\build-output\NUnit3.TestAdapter.dll'.
TpTrace Information: 0 : 3208, 4, 2022/08/26, 15:07:59.702, 2494237110153, testhost.dll, AssemblyResolver.OnResolve: Resolved assembly: NUnit3.TestAdapter, from path: C:\ContenedoresAPI\xUnit.ContenedoresRest\bin\Debug\net6.0\fine-code-coverage\build-output\NUnit3.TestAdapter.dll
TpTrace Verbose: 0 : 3208, 10, 2022/08/26, 15:07:59.711, 2494237196952, testhost.dll, TcpClientExtensions.MessageLoopAsync: Polling on remoteEndPoint: [::ffff:127.0.0.1]:60291 localEndPoint: [::ffff:127.0.0.1]:60292
TpTrace Information: 0 : 3208, 4, 2022/08/26, 15:07:59.712, 2494237207098, testhost.dll, AssemblyResolver.OnResolve: nunit.engine.api: Resolving assembly.
TpTrace Information: 0 : 3208, 4, 2022/08/26, 15:07:59.712, 2494237208355, testhost.dll, AssemblyResolver.OnResolve: nunit.engine.api: Searching in: 'C:\ContenedoresAPI\xUnit.ContenedoresRest\bin\Debug\net6.0\fine-code-coverage\build-output'.
TpTrace Information: 0 : 3208, 4, 2022/08/26, 15:07:59.712, 2494237211322, testhost.dll, AssemblyResolver.OnResolve: nunit.engine.api: Loading assembly 'C:\ContenedoresAPI\xUnit.ContenedoresRest\bin\Debug\net6.0\fine-code-coverage\build-output\nunit.engine.api.dll'.
TpTrace Information: 0 : 3208, 4, 2022/08/26, 15:07:59.712, 2494237214461, testhost.dll, AssemblyResolver.OnResolve: Resolved assembly: nunit.engine.api, from path: C:\ContenedoresAPI\xUnit.ContenedoresRest\bin\Debug\net6.0\fine-code-coverage\build-output\nunit.engine.api.dll
TpTrace Information: 0 : 3208, 4, 2022/08/26, 15:07:59.715, 2494237237492, testhost.dll, AssemblyResolver.OnResolve: xunit.runner.visualstudio.dotnetcore.testadapter: Resolving assembly.
TpTrace Information: 0 : 3208, 4, 2022/08/26, 15:07:59.715, 2494237238533, testhost.dll, AssemblyResolver.OnResolve: xunit.runner.visualstudio.dotnetcore.testadapter: Searching in: 'C:\ContenedoresAPI\xUnit.ContenedoresRest\bin\Debug\net6.0\fine-code-coverage\build-output'.
TpTrace Information: 0 : 3208, 4, 2022/08/26, 15:07:59.715, 2494237240919, testhost.dll, AssemblyResolver.OnResolve: xunit.runner.visualstudio.dotnetcore.testadapter: Loading assembly 'C:\ContenedoresAPI\xUnit.ContenedoresRest\bin\Debug\net6.0\fine-code-coverage\build-output\xunit.runner.visualstudio.dotnetcore.testadapter.dll'.
TpTrace Information: 0 : 3208, 4, 2022/08/26, 15:07:59.715, 2494237244204, testhost.dll, AssemblyResolver.OnResolve: Resolved assembly: xunit.runner.visualstudio.dotnetcore.testadapter, from path: C:\ContenedoresAPI\xUnit.ContenedoresRest\bin\Debug\net6.0\fine-code-coverage\build-output\xunit.runner.visualstudio.dotnetcore.testadapter.dll
TpTrace Information: 0 : 3208, 4, 2022/08/26, 15:07:59.716, 2494237254224, testhost.dll, AssemblyResolver.OnResolve: xunit.runner.utility.netcoreapp10: Resolving assembly.
TpTrace Information: 0 : 3208, 4, 2022/08/26, 15:07:59.716, 2494237254996, testhost.dll, AssemblyResolver.OnResolve: xunit.runner.utility.netcoreapp10: Searching in: 'C:\ContenedoresAPI\xUnit.ContenedoresRest\bin\Debug\net6.0\fine-code-coverage\build-output'.
TpTrace Information: 0 : 3208, 4, 2022/08/26, 15:07:59.717, 2494237256785, testhost.dll, AssemblyResolver.OnResolve: xunit.runner.utility.netcoreapp10: Loading assembly 'C:\ContenedoresAPI\xUnit.ContenedoresRest\bin\Debug\net6.0\fine-code-coverage\build-output\xunit.runner.utility.netcoreapp10.dll'.
TpTrace Information: 0 : 3208, 4, 2022/08/26, 15:07:59.717, 2494237260038, testhost.dll, AssemblyResolver.OnResolve: Resolved assembly: xunit.runner.utility.netcoreapp10, from path: C:\ContenedoresAPI\xUnit.ContenedoresRest\bin\Debug\net6.0\fine-code-coverage\build-output\xunit.runner.utility.netcoreapp10.dll
TpTrace Verbose: 0 : 3208, 4, 2022/08/26, 15:07:59.719, 2494237284944, testhost.dll, TestPluginCache: Discovered the extensions using extension path ''.
TpTrace Verbose: 0 : 3208, 4, 2022/08/26, 15:07:59.720, 2494237288911, testhost.dll, TestPluginCache: Discoverers are ''.
TpTrace Verbose: 0 : 3208, 4, 2022/08/26, 15:07:59.720, 2494237289674, testhost.dll, TestPluginCache: Executors are 'executor://NUnit3TestExecutor,executor://xunit/VsTestRunner2/netcoreapp'.
TpTrace Verbose: 0 : 3208, 4, 2022/08/26, 15:07:59.720, 2494237290015, testhost.dll, TestPluginCache: Executors2 are ''.
TpTrace Verbose: 0 : 3208, 4, 2022/08/26, 15:07:59.720, 2494237290312, testhost.dll, TestPluginCache: Setting providers are ''.
TpTrace Verbose: 0 : 3208, 4, 2022/08/26, 15:07:59.720, 2494237290595, testhost.dll, TestPluginCache: Loggers are ''.
TpTrace Verbose: 0 : 3208, 4, 2022/08/26, 15:07:59.722, 2494237314497, testhost.dll, TestPluginCache.DiscoverTestExtensions: finding test extensions in assemblies ends with: TestAdapter.dll TPluginInfo: Microsoft.VisualStudio.TestPlatform.Common.ExtensionFramework.Utilities.TestExecutorPluginInformation2 TExtension: Microsoft.VisualStudio.TestPlatform.ObjectModel.Adapter.ITestExecutor2
TpTrace Verbose: 0 : 3208, 4, 2022/08/26, 15:07:59.723, 2494237317949, testhost.dll, TestPluginCache.GetExtensionPaths: Filtered extension paths: 
TpTrace Verbose: 0 : 3208, 4, 2022/08/26, 15:07:59.723, 2494237318349, testhost.dll, TestPluginCache.GetExtensionPaths: Added default extension paths: C:\ContenedoresAPI\xUnit.ContenedoresRest\bin\Debug\net6.0\fine-code-coverage\build-output\NUnit3.TestAdapter.dll
C:\ContenedoresAPI\xUnit.ContenedoresRest\bin\Debug\net6.0\fine-code-coverage\build-output\xunit.runner.visualstudio.dotnetcore.testadapter.dll
TpTrace Verbose: 0 : 3208, 4, 2022/08/26, 15:07:59.723, 2494237318618, testhost.dll, TestPluginCache.GetExtensionPaths: Added unfilterableExtensionPaths: 
TpTrace Information: 0 : 3208, 4, 2022/08/26, 15:07:59.723, 2494237320261, testhost.dll, AssemblyResolver.AddSearchDirectories: Adding more searchDirectories C:\ContenedoresAPI\xUnit.ContenedoresRest\bin\Debug\net6.0\fine-code-coverage\build-output
TpTrace Verbose: 0 : 3208, 4, 2022/08/26, 15:07:59.723, 2494237320595, testhost.dll, TestPluginCache.DiscoverTestExtensions: Discovering the extensions using extension path.
TpTrace Verbose: 0 : 3208, 4, 2022/08/26, 15:07:59.723, 2494237320808, testhost.dll, TestPluginCache.GetExtensionPaths: Filtered extension paths: 
TpTrace Verbose: 0 : 3208, 4, 2022/08/26, 15:07:59.723, 2494237320958, testhost.dll, TestPluginCache.GetExtensionPaths: Added default extension paths: C:\ContenedoresAPI\xUnit.ContenedoresRest\bin\Debug\net6.0\fine-code-coverage\build-output\NUnit3.TestAdapter.dll
C:\ContenedoresAPI\xUnit.ContenedoresRest\bin\Debug\net6.0\fine-code-coverage\build-output\xunit.runner.visualstudio.dotnetcore.testadapter.dll
TpTrace Verbose: 0 : 3208, 4, 2022/08/26, 15:07:59.723, 2494237321103, testhost.dll, TestPluginCache.GetExtensionPaths: Added unfilterableExtensionPaths: 
TpTrace Verbose: 0 : 3208, 4, 2022/08/26, 15:07:59.723, 2494237321320, testhost.dll, TestPluginCache.DiscoverTestExtensions: Discovering the extensions using allExtensionPaths: C:\ContenedoresAPI\xUnit.ContenedoresRest\bin\Debug\net6.0\fine-code-coverage\build-output\NUnit3.TestAdapter.dll
C:\ContenedoresAPI\xUnit.ContenedoresRest\bin\Debug\net6.0\fine-code-coverage\build-output\xunit.runner.visualstudio.dotnetcore.testadapter.dll
TpTrace Information: 0 : 3208, 4, 2022/08/26, 15:07:59.723, 2494237321553, testhost.dll, AssemblyResolver.AddSearchDirectories: Adding more searchDirectories C:\ContenedoresAPI\xUnit.ContenedoresRest\bin\Debug\net6.0\fine-code-coverage\build-output
TpTrace Information: 0 : 3208, 4, 2022/08/26, 15:07:59.723, 2494237321728, testhost.dll, AssemblyResolver.AddSearchDirectories: Adding more searchDirectories C:\ContenedoresAPI\xUnit.ContenedoresRest\bin\Debug\net6.0\fine-code-coverage\build-output
TpTrace Verbose: 0 : 3208, 4, 2022/08/26, 15:07:59.724, 2494237325852, testhost.dll, TestPluginCache: Discovered the extensions using extension path ''.
TpTrace Verbose: 0 : 3208, 4, 2022/08/26, 15:07:59.724, 2494237326181, testhost.dll, TestPluginCache: Discoverers are ''.
TpTrace Verbose: 0 : 3208, 4, 2022/08/26, 15:07:59.724, 2494237326699, testhost.dll, TestPluginCache: Executors are 'executor://NUnit3TestExecutor,executor://xunit/VsTestRunner2/netcoreapp'.
TpTrace Verbose: 0 : 3208, 4, 2022/08/26, 15:07:59.724, 2494237327307, testhost.dll, TestPluginCache: Executors2 are ''.
TpTrace Verbose: 0 : 3208, 4, 2022/08/26, 15:07:59.724, 2494237327473, testhost.dll, TestPluginCache: Setting providers are ''.
TpTrace Verbose: 0 : 3208, 4, 2022/08/26, 15:07:59.724, 2494237327610, testhost.dll, TestPluginCache: Loggers are ''.
TpTrace Information: 0 : 3208, 4, 2022/08/26, 15:07:59.738, 2494237471263, testhost.dll, TestPluginManager.CreateTestExtension: Attempting to load test extension: NUnit.VisualStudio.TestAdapter.NUnit3TestExecutor
TpTrace Verbose: 0 : 3208, 4, 2022/08/26, 15:07:59.739, 2494237476844, testhost.dll, TestExecutorExtensionManager: Loading executor NUnit.VisualStudio.TestAdapter.NUnit3TestExecutor
TpTrace Information: 0 : 3208, 4, 2022/08/26, 15:07:59.739, 2494237478331, testhost.dll, TestPluginManager.CreateTestExtension: Attempting to load test extension: Xunit.Runner.VisualStudio.VsTestRunner
TpTrace Verbose: 0 : 3208, 4, 2022/08/26, 15:07:59.739, 2494237479443, testhost.dll, TestExecutorExtensionManager: Loading executor Xunit.Runner.VisualStudio.VsTestRunner
TpTrace Verbose: 0 : 3208, 4, 2022/08/26, 15:07:59.739, 2494237479852, testhost.dll, TestExecutorService: Loaded the executors
TpTrace Verbose: 0 : 3208, 4, 2022/08/26, 15:07:59.740, 2494237491229, testhost.dll, TestPluginCache.DiscoverTestExtensions: finding test extensions in assemblies ends with: TestAdapter.dll TPluginInfo: Microsoft.VisualStudio.TestPlatform.Common.ExtensionFramework.Utilities.TestSettingsProviderPluginInformation TExtension: Microsoft.VisualStudio.TestPlatform.ObjectModel.Adapter.ISettingsProvider
TpTrace Verbose: 0 : 3208, 4, 2022/08/26, 15:07:59.740, 2494237492769, testhost.dll, TestPluginCache.GetExtensionPaths: Filtered extension paths: 
TpTrace Verbose: 0 : 3208, 4, 2022/08/26, 15:07:59.740, 2494237493476, testhost.dll, TestPluginCache.GetExtensionPaths: Added default extension paths: C:\ContenedoresAPI\xUnit.ContenedoresRest\bin\Debug\net6.0\fine-code-coverage\build-output\NUnit3.TestAdapter.dll
C:\ContenedoresAPI\xUnit.ContenedoresRest\bin\Debug\net6.0\fine-code-coverage\build-output\xunit.runner.visualstudio.dotnetcore.testadapter.dll
TpTrace Verbose: 0 : 3208, 4, 2022/08/26, 15:07:59.740, 2494237493942, testhost.dll, TestPluginCache.GetExtensionPaths: Added unfilterableExtensionPaths: 
TpTrace Information: 0 : 3208, 4, 2022/08/26, 15:07:59.741, 2494237497547, testhost.dll, AssemblyResolver.AddSearchDirectories: Adding more searchDirectories C:\ContenedoresAPI\xUnit.ContenedoresRest\bin\Debug\net6.0\fine-code-coverage\build-output
TpTrace Verbose: 0 : 3208, 4, 2022/08/26, 15:07:59.741, 2494237498422, testhost.dll, TestPluginCache.DiscoverTestExtensions: Discovering the extensions using extension path.
TpTrace Verbose: 0 : 3208, 4, 2022/08/26, 15:07:59.741, 2494237498778, testhost.dll, TestPluginCache.GetExtensionPaths: Filtered extension paths: 
TpTrace Verbose: 0 : 3208, 4, 2022/08/26, 15:07:59.741, 2494237499065, testhost.dll, TestPluginCache.GetExtensionPaths: Added default extension paths: C:\ContenedoresAPI\xUnit.ContenedoresRest\bin\Debug\net6.0\fine-code-coverage\build-output\NUnit3.TestAdapter.dll
C:\ContenedoresAPI\xUnit.ContenedoresRest\bin\Debug\net6.0\fine-code-coverage\build-output\xunit.runner.visualstudio.dotnetcore.testadapter.dll
TpTrace Verbose: 0 : 3208, 4, 2022/08/26, 15:07:59.741, 2494237499302, testhost.dll, TestPluginCache.GetExtensionPaths: Added unfilterableExtensionPaths: 
TpTrace Verbose: 0 : 3208, 4, 2022/08/26, 15:07:59.741, 2494237499624, testhost.dll, TestPluginCache.DiscoverTestExtensions: Discovering the extensions using allExtensionPaths: C:\ContenedoresAPI\xUnit.ContenedoresRest\bin\Debug\net6.0\fine-code-coverage\build-output\NUnit3.TestAdapter.dll
C:\ContenedoresAPI\xUnit.ContenedoresRest\bin\Debug\net6.0\fine-code-coverage\build-output\xunit.runner.visualstudio.dotnetcore.testadapter.dll
TpTrace Information: 0 : 3208, 4, 2022/08/26, 15:07:59.741, 2494237500090, testhost.dll, AssemblyResolver.AddSearchDirectories: Adding more searchDirectories C:\ContenedoresAPI\xUnit.ContenedoresRest\bin\Debug\net6.0\fine-code-coverage\build-output
TpTrace Information: 0 : 3208, 4, 2022/08/26, 15:07:59.741, 2494237500398, testhost.dll, AssemblyResolver.AddSearchDirectories: Adding more searchDirectories C:\ContenedoresAPI\xUnit.ContenedoresRest\bin\Debug\net6.0\fine-code-coverage\build-output
TpTrace Verbose: 0 : 3208, 4, 2022/08/26, 15:07:59.744, 2494237525509, testhost.dll, TestPluginCache: Discovered the extensions using extension path ''.
TpTrace Verbose: 0 : 3208, 4, 2022/08/26, 15:07:59.744, 2494237526764, testhost.dll, TestPluginCache: Discoverers are ''.
TpTrace Verbose: 0 : 3208, 4, 2022/08/26, 15:07:59.744, 2494237527003, testhost.dll, TestPluginCache: Executors are 'executor://NUnit3TestExecutor,executor://xunit/VsTestRunner2/netcoreapp'.
TpTrace Verbose: 0 : 3208, 4, 2022/08/26, 15:07:59.744, 2494237527262, testhost.dll, TestPluginCache: Executors2 are ''.
TpTrace Verbose: 0 : 3208, 4, 2022/08/26, 15:07:59.744, 2494237527605, testhost.dll, TestPluginCache: Setting providers are ''.
TpTrace Verbose: 0 : 3208, 4, 2022/08/26, 15:07:59.744, 2494237527804, testhost.dll, TestPluginCache: Loggers are ''.
TpTrace Verbose: 0 : 3208, 4, 2022/08/26, 15:07:59.745, 2494237535908, testhost.dll, TestExecutorService: Loaded the settings providers
TpTrace Information: 0 : 3208, 4, 2022/08/26, 15:07:59.745, 2494237536384, testhost.dll, TestExecutorService: Loaded the extensions
TpTrace Information: 0 : 3208, 4, 2022/08/26, 15:07:59.745, 2494237540404, testhost.dll, TestRequestHandler.OnMessageReceived: Running job 'TestExecution.StartWithSources'.
TpTrace Information: 0 : 3208, 4, 2022/08/26, 15:07:59.763, 2494237718107, testhost.dll, AssemblyResolver.OnResolve: Microsoft.VisualStudio.TestPlatform.Common.resources: Resolving assembly.
TpTrace Information: 0 : 3208, 4, 2022/08/26, 15:07:59.763, 2494237719055, testhost.dll, AssemblyResolver.OnResolve: Microsoft.VisualStudio.TestPlatform.Common.resources: Searching in: 'C:\ContenedoresAPI\xUnit.ContenedoresRest\bin\Debug\net6.0\fine-code-coverage\build-output'.
TpTrace Information: 0 : 3208, 4, 2022/08/26, 15:07:59.763, 2494237719524, testhost.dll, AssemblyResolver.OnResolve: Microsoft.VisualStudio.TestPlatform.Common.resources: Assembly path does not exist: 'C:\ContenedoresAPI\xUnit.ContenedoresRest\bin\Debug\net6.0\fine-code-coverage\build-output\Microsoft.VisualStudio.TestPlatform.Common.resources.dll', returning.
TpTrace Information: 0 : 3208, 4, 2022/08/26, 15:07:59.763, 2494237719863, testhost.dll, AssemblyResolver.OnResolve: Microsoft.VisualStudio.TestPlatform.Common.resources: Assembly path does not exist: 'C:\ContenedoresAPI\xUnit.ContenedoresRest\bin\Debug\net6.0\fine-code-coverage\build-output\Microsoft.VisualStudio.TestPlatform.Common.resources.exe', returning.
TpTrace Information: 0 : 3208, 4, 2022/08/26, 15:07:59.763, 2494237720059, testhost.dll, AssemblyResolver.OnResolve: Microsoft.VisualStudio.TestPlatform.Common.resources: Failed to load assembly.
TpTrace Information: 0 : 3208, 4, 2022/08/26, 15:07:59.806, 2494238150937, testhost.dll, TestDiscoveryManager: Discovering tests from sources C:\ContenedoresAPI\xUnit.ContenedoresRest\bin\Debug\net6.0\fine-code-coverage\build-output\xUnit.ContenedoresRest.dll
TpTrace Verbose: 0 : 3208, 4, 2022/08/26, 15:07:59.809, 2494238177089, testhost.dll, TestPluginCache.DiscoverTestExtensions: finding test extensions in assemblies ends with: TestAdapter.dll TPluginInfo: Microsoft.VisualStudio.TestPlatform.Common.ExtensionFramework.Utilities.TestDiscovererPluginInformation TExtension: Microsoft.VisualStudio.TestPlatform.ObjectModel.Adapter.ITestDiscoverer
TpTrace Verbose: 0 : 3208, 4, 2022/08/26, 15:07:59.809, 2494238178386, testhost.dll, TestPluginCache.GetExtensionPaths: Filtered extension paths: 
TpTrace Verbose: 0 : 3208, 4, 2022/08/26, 15:07:59.809, 2494238178659, testhost.dll, TestPluginCache.GetExtensionPaths: Added default extension paths: C:\ContenedoresAPI\xUnit.ContenedoresRest\bin\Debug\net6.0\fine-code-coverage\build-output\NUnit3.TestAdapter.dll
C:\ContenedoresAPI\xUnit.ContenedoresRest\bin\Debug\net6.0\fine-code-coverage\build-output\xunit.runner.visualstudio.dotnetcore.testadapter.dll
TpTrace Verbose: 0 : 3208, 4, 2022/08/26, 15:07:59.809, 2494238178818, testhost.dll, TestPluginCache.GetExtensionPaths: Added unfilterableExtensionPaths: 
TpTrace Information: 0 : 3208, 4, 2022/08/26, 15:07:59.809, 2494238179888, testhost.dll, AssemblyResolver.AddSearchDirectories: Adding more searchDirectories C:\ContenedoresAPI\xUnit.ContenedoresRest\bin\Debug\net6.0\fine-code-coverage\build-output
TpTrace Verbose: 0 : 3208, 4, 2022/08/26, 15:07:59.809, 2494238180137, testhost.dll, TestPluginCache.DiscoverTestExtensions: Discovering the extensions using extension path.
TpTrace Verbose: 0 : 3208, 4, 2022/08/26, 15:07:59.809, 2494238180298, testhost.dll, TestPluginCache.GetExtensionPaths: Filtered extension paths: 
TpTrace Verbose: 0 : 3208, 4, 2022/08/26, 15:07:59.809, 2494238180500, testhost.dll, TestPluginCache.GetExtensionPaths: Added default extension paths: C:\ContenedoresAPI\xUnit.ContenedoresRest\bin\Debug\net6.0\fine-code-coverage\build-output\NUnit3.TestAdapter.dll
C:\ContenedoresAPI\xUnit.ContenedoresRest\bin\Debug\net6.0\fine-code-coverage\build-output\xunit.runner.visualstudio.dotnetcore.testadapter.dll
TpTrace Verbose: 0 : 3208, 4, 2022/08/26, 15:07:59.809, 2494238180686, testhost.dll, TestPluginCache.GetExtensionPaths: Added unfilterableExtensionPaths: 
TpTrace Verbose: 0 : 3208, 4, 2022/08/26, 15:07:59.809, 2494238180851, testhost.dll, TestPluginCache.DiscoverTestExtensions: Discovering the extensions using allExtensionPaths: C:\ContenedoresAPI\xUnit.ContenedoresRest\bin\Debug\net6.0\fine-code-coverage\build-output\NUnit3.TestAdapter.dll
C:\ContenedoresAPI\xUnit.ContenedoresRest\bin\Debug\net6.0\fine-code-coverage\build-output\xunit.runner.visualstudio.dotnetcore.testadapter.dll
TpTrace Information: 0 : 3208, 4, 2022/08/26, 15:07:59.809, 2494238181079, testhost.dll, AssemblyResolver.AddSearchDirectories: Adding more searchDirectories C:\ContenedoresAPI\xUnit.ContenedoresRest\bin\Debug\net6.0\fine-code-coverage\build-output
TpTrace Information: 0 : 3208, 4, 2022/08/26, 15:07:59.809, 2494238181262, testhost.dll, AssemblyResolver.AddSearchDirectories: Adding more searchDirectories C:\ContenedoresAPI\xUnit.ContenedoresRest\bin\Debug\net6.0\fine-code-coverage\build-output
TpTrace Verbose: 0 : 3208, 4, 2022/08/26, 15:07:59.811, 2494238199440, testhost.dll, TestPluginCache: Discovered the extensions using extension path ''.
TpTrace Verbose: 0 : 3208, 4, 2022/08/26, 15:07:59.811, 2494238200465, testhost.dll, TestPluginCache: Discoverers are 'NUnit.VisualStudio.TestAdapter.NUnit3TestDiscoverer, NUnit3.TestAdapter, Version=4.2.0.0, Culture=neutral, PublicKeyToken=4cb40d35494691ac,Xunit.Runner.VisualStudio.VsTestRunner, xunit.runner.visualstudio.dotnetcore.testadapter, Version=2.4.0.0, Culture=neutral, PublicKeyToken=8d05b1bb7a6fdb6c'.
TpTrace Verbose: 0 : 3208, 4, 2022/08/26, 15:07:59.811, 2494238200655, testhost.dll, TestPluginCache: Executors are 'executor://NUnit3TestExecutor,executor://xunit/VsTestRunner2/netcoreapp'.
TpTrace Verbose: 0 : 3208, 4, 2022/08/26, 15:07:59.811, 2494238200812, testhost.dll, TestPluginCache: Executors2 are ''.
TpTrace Verbose: 0 : 3208, 4, 2022/08/26, 15:07:59.811, 2494238200952, testhost.dll, TestPluginCache: Setting providers are ''.
TpTrace Verbose: 0 : 3208, 4, 2022/08/26, 15:07:59.811, 2494238201091, testhost.dll, TestPluginCache: Loggers are ''.
TpTrace Information: 0 : 3208, 4, 2022/08/26, 15:07:59.816, 2494238254042, testhost.dll, PEReaderHelper.GetAssemblyType: Determined assemblyType:'Managed' for source: 'C:\ContenedoresAPI\xUnit.ContenedoresRest\bin\Debug\net6.0\fine-code-coverage\build-output\xUnit.ContenedoresRest.dll'
TpTrace Verbose: 0 : 3208, 4, 2022/08/26, 15:07:59.823, 2494238316653, testhost.dll, BaseRunTests.RunTestInternalWithExecutors: Running tests for executor://NUnit3TestExecutor
TpTrace Information: 0 : 3208, 4, 2022/08/26, 15:07:59.825, 2494238339929, testhost.dll, AssemblyResolver.OnResolve: nunit.engine.core: Resolving assembly.
TpTrace Information: 0 : 3208, 4, 2022/08/26, 15:07:59.825, 2494238341144, testhost.dll, AssemblyResolver.OnResolve: nunit.engine.core: Searching in: 'C:\ContenedoresAPI\xUnit.ContenedoresRest\bin\Debug\net6.0\fine-code-coverage\build-output'.
TpTrace Information: 0 : 3208, 4, 2022/08/26, 15:07:59.825, 2494238343489, testhost.dll, AssemblyResolver.OnResolve: nunit.engine.core: Loading assembly 'C:\ContenedoresAPI\xUnit.ContenedoresRest\bin\Debug\net6.0\fine-code-coverage\build-output\nunit.engine.core.dll'.
TpTrace Information: 0 : 3208, 4, 2022/08/26, 15:07:59.826, 2494238346866, testhost.dll, AssemblyResolver.OnResolve: Resolved assembly: nunit.engine.core, from path: C:\ContenedoresAPI\xUnit.ContenedoresRest\bin\Debug\net6.0\fine-code-coverage\build-output\nunit.engine.core.dll
TpTrace Information: 0 : 3208, 4, 2022/08/26, 15:07:59.832, 2494238413240, testhost.dll, NUnit Adapter 4.2.0.0: Test execution started
TpTrace Verbose: 0 : 3208, 4, 2022/08/26, 15:07:59.832, 2494238414774, testhost.dll, TestRequestHandler.SendData:  sending data from testhost: {"Version":5,"MessageType":"TestSession.Message","Payload":{"MessageLevel":0,"Message":"NUnit Adapter 4.2.0.0: Test execution started"}}
TpTrace Information: 0 : 3208, 4, 2022/08/26, 15:07:59.859, 2494238682066, testhost.dll, Running all tests in C:\ContenedoresAPI\xUnit.ContenedoresRest\bin\Debug\net6.0\fine-code-coverage\build-output\xUnit.ContenedoresRest.dll
TpTrace Verbose: 0 : 3208, 4, 2022/08/26, 15:07:59.859, 2494238684067, testhost.dll, TestRequestHandler.SendData:  sending data from testhost: {"Version":5,"MessageType":"TestSession.Message","Payload":{"MessageLevel":0,"Message":"Running all tests in C:\\ContenedoresAPI\\xUnit.ContenedoresRest\\bin\\Debug\\net6.0\\fine-code-coverage\\build-output\\xUnit.ContenedoresRest.dll"}}
TpTrace Information: 0 : 3208, 4, 2022/08/26, 15:07:59.866, 2494238750967, testhost.dll, AssemblyResolver.OnResolve: testcentric.engine.metadata: Resolving assembly.
TpTrace Information: 0 : 3208, 4, 2022/08/26, 15:07:59.866, 2494238752292, testhost.dll, AssemblyResolver.OnResolve: testcentric.engine.metadata: Searching in: 'C:\ContenedoresAPI\xUnit.ContenedoresRest\bin\Debug\net6.0\fine-code-coverage\build-output'.
TpTrace Information: 0 : 3208, 4, 2022/08/26, 15:07:59.867, 2494238755391, testhost.dll, AssemblyResolver.OnResolve: testcentric.engine.metadata: Loading assembly 'C:\ContenedoresAPI\xUnit.ContenedoresRest\bin\Debug\net6.0\fine-code-coverage\build-output\testcentric.engine.metadata.dll'.
TpTrace Information: 0 : 3208, 4, 2022/08/26, 15:07:59.867, 2494238759906, testhost.dll, AssemblyResolver.OnResolve: Resolved assembly: testcentric.engine.metadata, from path: C:\ContenedoresAPI\xUnit.ContenedoresRest\bin\Debug\net6.0\fine-code-coverage\build-output\testcentric.engine.metadata.dll
TpTrace Information: 0 : 3208, 4, 2022/08/26, 15:07:59.927, 2494239363651, testhost.dll,    NUnit3TestExecutor discovered 0 of 0 NUnit test cases using Current Discovery mode, Explicit run
TpTrace Verbose: 0 : 3208, 4, 2022/08/26, 15:07:59.928, 2494239365537, testhost.dll, TestRequestHandler.SendData:  sending data from testhost: {"Version":5,"MessageType":"TestSession.Message","Payload":{"MessageLevel":0,"Message":"   NUnit3TestExecutor discovered 0 of 0 NUnit test cases using Current Discovery mode, Explicit run"}}
TpTrace Information: 0 : 3208, 4, 2022/08/26, 15:07:59.935, 2494239444753, testhost.dll, NUnit Adapter 4.2.0.0: Test execution complete
TpTrace Verbose: 0 : 3208, 4, 2022/08/26, 15:07:59.936, 2494239446267, testhost.dll, TestRequestHandler.SendData:  sending data from testhost: {"Version":5,"MessageType":"TestSession.Message","Payload":{"MessageLevel":0,"Message":"NUnit Adapter 4.2.0.0: Test execution complete"}}
TpTrace Verbose: 0 : 3208, 4, 2022/08/26, 15:07:59.941, 2494239502942, testhost.dll, BaseRunTests.RunTestInternalWithExecutors: Completed running tests for executor://NUnit3TestExecutor
TpTrace Verbose: 0 : 3208, 4, 2022/08/26, 15:07:59.941, 2494239504235, testhost.dll, BaseRunTests.RunTestInternalWithExecutors: Running tests for executor://xunit/VsTestRunner2/netcoreapp
TpTrace Information: 0 : 3208, 4, 2022/08/26, 15:07:59.945, 2494239542034, testhost.dll, [xUnit.net 00:00:00.00] xUnit.net VSTest Adapter v2.4.3+1b45f5407b (64-bit .NET 6.0.7)
TpTrace Verbose: 0 : 3208, 4, 2022/08/26, 15:07:59.945, 2494239543320, testhost.dll, TestRequestHandler.SendData:  sending data from testhost: {"Version":5,"MessageType":"TestSession.Message","Payload":{"MessageLevel":0,"Message":"[xUnit.net 00:00:00.00] xUnit.net VSTest Adapter v2.4.3+1b45f5407b (64-bit .NET 6.0.7)"}}
TpTrace Information: 0 : 3208, 4, 2022/08/26, 15:08:00.642, 2494246509181, testhost.dll, AssemblyResolver.OnResolve: xunit.runner.reporters.netcoreapp10: Resolving assembly.
TpTrace Information: 0 : 3208, 4, 2022/08/26, 15:08:00.642, 2494246510622, testhost.dll, AssemblyResolver.OnResolve: xunit.runner.reporters.netcoreapp10: Searching in: 'C:\ContenedoresAPI\xUnit.ContenedoresRest\bin\Debug\net6.0\fine-code-coverage\build-output'.
TpTrace Information: 0 : 3208, 4, 2022/08/26, 15:08:00.642, 2494246513321, testhost.dll, AssemblyResolver.OnResolve: xunit.runner.reporters.netcoreapp10: Loading assembly 'C:\ContenedoresAPI\xUnit.ContenedoresRest\bin\Debug\net6.0\fine-code-coverage\build-output\xunit.runner.reporters.netcoreapp10.dll'.
TpTrace Information: 0 : 3208, 4, 2022/08/26, 15:08:00.643, 2494246517811, testhost.dll, AssemblyResolver.OnResolve: Resolved assembly: xunit.runner.reporters.netcoreapp10, from path: C:\ContenedoresAPI\xUnit.ContenedoresRest\bin\Debug\net6.0\fine-code-coverage\build-output\xunit.runner.reporters.netcoreapp10.dll
TpTrace Verbose: 0 : 3208, 10, 2022/08/26, 15:08:00.721, 2494247297132, testhost.dll, TcpClientExtensions.MessageLoopAsync: Polling on remoteEndPoint: [::ffff:127.0.0.1]:60291 localEndPoint: [::ffff:127.0.0.1]:60292
TpTrace Information: 0 : 3208, 4, 2022/08/26, 15:08:00.722, 2494247305969, testhost.dll, [xUnit.net 00:00:00.77]   Discovering: xUnit.ContenedoresRest
TpTrace Verbose: 0 : 3208, 4, 2022/08/26, 15:08:00.722, 2494247307681, testhost.dll, TestRequestHandler.SendData:  sending data from testhost: {"Version":5,"MessageType":"TestSession.Message","Payload":{"MessageLevel":0,"Message":"[xUnit.net 00:00:00.77]   Discovering: xUnit.ContenedoresRest"}}
TpTrace Information: 0 : 3208, 4, 2022/08/26, 15:08:00.751, 2494247603265, testhost.dll, [xUnit.net 00:00:00.80]   Discovered:  xUnit.ContenedoresRest
TpTrace Verbose: 0 : 3208, 4, 2022/08/26, 15:08:00.751, 2494247604959, testhost.dll, TestRequestHandler.SendData:  sending data from testhost: {"Version":5,"MessageType":"TestSession.Message","Payload":{"MessageLevel":0,"Message":"[xUnit.net 00:00:00.80]   Discovered:  xUnit.ContenedoresRest"}}
TpTrace Information: 0 : 3208, 4, 2022/08/26, 15:08:00.753, 2494247620770, testhost.dll, [xUnit.net 00:00:00.81]   Starting:    xUnit.ContenedoresRest
TpTrace Verbose: 0 : 3208, 4, 2022/08/26, 15:08:00.753, 2494247622261, testhost.dll, TestRequestHandler.SendData:  sending data from testhost: {"Version":5,"MessageType":"TestSession.Message","Payload":{"MessageLevel":0,"Message":"[xUnit.net 00:00:00.81]   Starting:    xUnit.ContenedoresRest"}}
TpTrace Verbose: 0 : 3208, 16, 2022/08/26, 15:08:00.791, 2494248004349, testhost.dll, TestExecutionRecorder.RecordStart: Starting test: xUnit.ContenedoresRest.ContainersTest.Containers_selectContainers_ContainersDespachados.
TpTrace Information: 0 : 3208, 11, 2022/08/26, 15:08:01.283, 2494252924254, testhost.dll, Sending test run statistics
TpTrace Verbose: 0 : 3208, 11, 2022/08/26, 15:08:01.301, 2494253101245, testhost.dll, TestRequestHandler.SendData:  sending data from testhost: {"Version":5,"MessageType":"TestExecution.StatsChange","Payload":{"NewTestResults":[],"TestRunStatistics":{"ExecutedTests":0,"Stats":{}},"ActiveTests":[{"Id":"568e947d-bdbb-5859-5362-ed8079656525","FullyQualifiedName":"xUnit.ContenedoresRest.ContainersTest.Containers_selectContainers_ContainersDespachados","DisplayName":"xUnit.ContenedoresRest.ContainersTest.Containers_selectContainers_ContainersDespachados","ExecutorUri":"executor://xunit/VsTestRunner2/netcoreapp","Source":"C:\\ContenedoresAPI\\xUnit.ContenedoresRest\\bin\\Debug\\net6.0\\fine-code-coverage\\build-output\\xUnit.ContenedoresRest.dll","CodeFilePath":null,"LineNumber":0,"Properties":[]}]}}
TpTrace Verbose: 0 : 3208, 11, 2022/08/26, 15:08:01.301, 2494253103305, testhost.dll, TestRunCache: OnNewTestResult: Notified the onCacheHit callback.
TpTrace Verbose: 0 : 3208, 10, 2022/08/26, 15:08:01.736, 2494257448448, testhost.dll, TcpClientExtensions.MessageLoopAsync: Polling on remoteEndPoint: [::ffff:127.0.0.1]:60291 localEndPoint: [::ffff:127.0.0.1]:60292
TpTrace Verbose: 0 : 3208, 16, 2022/08/26, 15:08:02.350, 2494263591318, testhost.dll, TestExecutionRecorder.RecordResult: Received result for test: xUnit.ContenedoresRest.ContainersTest.Containers_selectContainers_ContainersDespachados.
TpTrace Warning: 0 : 3208, 16, 2022/08/26, 15:08:02.365, 2494263744491, testhost.dll, TestRunCache: InProgressTests is null
TpTrace Warning: 0 : 3208, 16, 2022/08/26, 15:08:02.366, 2494263746156, testhost.dll, TestRunCache: No test found corresponding to testResult 'xUnit.ContenedoresRest.ContainersTest.Containers_selectContainers_ContainersDespachados' in inProgress list.
TpTrace Verbose: 0 : 3208, 16, 2022/08/26, 15:08:02.366, 2494263750498, testhost.dll, TestExecutionRecorder.RecordEnd: test: xUnit.ContenedoresRest.ContainersTest.Containers_selectContainers_ContainersDespachados execution completed.
TpTrace Warning: 0 : 3208, 16, 2022/08/26, 15:08:02.366, 2494263750913, testhost.dll, TestRunCache: InProgressTests is null
TpTrace Verbose: 0 : 3208, 16, 2022/08/26, 15:08:02.366, 2494263751511, testhost.dll, TestExecutionRecorder.RecordStart: Starting test: xUnit.ContenedoresRest.ContainersTest.Containers_selectContainers_ContainersTransportCostCero.
TpTrace Verbose: 0 : 3208, 16, 2022/08/26, 15:08:02.368, 2494263771154, testhost.dll, TestExecutionRecorder.RecordResult: Received result for test: xUnit.ContenedoresRest.ContainersTest.Containers_selectContainers_ContainersTransportCostCero.
TpTrace Verbose: 0 : 3208, 16, 2022/08/26, 15:08:02.369, 2494263783375, testhost.dll, TestExecutionRecorder.RecordEnd: test: xUnit.ContenedoresRest.ContainersTest.Containers_selectContainers_ContainersTransportCostCero execution completed.
TpTrace Warning: 0 : 3208, 16, 2022/08/26, 15:08:02.369, 2494263783967, testhost.dll, TestRunCache: InProgressTests is null
TpTrace Verbose: 0 : 3208, 16, 2022/08/26, 15:08:02.369, 2494263784800, testhost.dll, TestExecutionRecorder.RecordStart: Starting test: xUnit.ContenedoresRest.ContainersTest.Containers_GetStats.
TpTrace Verbose: 0 : 3208, 10, 2022/08/26, 15:08:02.745, 2494267541154, testhost.dll, TcpClientExtensions.MessageLoopAsync: Polling on remoteEndPoint: [::ffff:127.0.0.1]:60291 localEndPoint: [::ffff:127.0.0.1]:60292
TpTrace Verbose: 0 : 3208, 16, 2022/08/26, 15:08:02.751, 2494267596872, testhost.dll, TestExecutionRecorder.RecordResult: Received result for test: xUnit.ContenedoresRest.ContainersTest.Containers_GetStats.
TpTrace Verbose: 0 : 3208, 16, 2022/08/26, 15:08:02.752, 2494267613396, testhost.dll, TestExecutionRecorder.RecordEnd: test: xUnit.ContenedoresRest.ContainersTest.Containers_GetStats execution completed.
TpTrace Warning: 0 : 3208, 16, 2022/08/26, 15:08:02.752, 2494267614142, testhost.dll, TestRunCache: InProgressTests is null
TpTrace Verbose: 0 : 3208, 16, 2022/08/26, 15:08:02.752, 2494267614631, testhost.dll, TestExecutionRecorder.RecordStart: Starting test: xUnit.ContenedoresRest.ContainersTest.Containers_selectContainers_ContainersBudgetCero.
TpTrace Verbose: 0 : 3208, 16, 2022/08/26, 15:08:02.754, 2494267627999, testhost.dll, TestExecutionRecorder.RecordResult: Received result for test: xUnit.ContenedoresRest.ContainersTest.Containers_selectContainers_ContainersBudgetCero.
TpTrace Verbose: 0 : 3208, 16, 2022/08/26, 15:08:02.755, 2494267640238, testhost.dll, TestExecutionRecorder.RecordEnd: test: xUnit.ContenedoresRest.ContainersTest.Containers_selectContainers_ContainersBudgetCero execution completed.
TpTrace Warning: 0 : 3208, 16, 2022/08/26, 15:08:02.755, 2494267641555, testhost.dll, TestRunCache: InProgressTests is null
TpTrace Information: 0 : 3208, 4, 2022/08/26, 15:08:02.756, 2494267652752, testhost.dll, [xUnit.net 00:00:02.81]   Finished:    xUnit.ContenedoresRest
TpTrace Verbose: 0 : 3208, 4, 2022/08/26, 15:08:02.756, 2494267654234, testhost.dll, TestRequestHandler.SendData:  sending data from testhost: {"Version":5,"MessageType":"TestSession.Message","Payload":{"MessageLevel":0,"Message":"[xUnit.net 00:00:02.81]   Finished:    xUnit.ContenedoresRest"}}
TpTrace Verbose: 0 : 3208, 4, 2022/08/26, 15:08:02.760, 2494267685679, testhost.dll, BaseRunTests.RunTestInternalWithExecutors: Completed running tests for executor://xunit/VsTestRunner2/netcoreapp
TpTrace Information: 0 : 3208, 4, 2022/08/26, 15:08:02.762, 2494267713641, testhost.dll, Sending test run complete
TpTrace Verbose: 0 : 3208, 4, 2022/08/26, 15:08:02.776, 2494267853144, testhost.dll, TestRequestHandler.SendData:  sending data from testhost: {"Version":5,"MessageType":"TestExecution.Completed","Payload":{"TestRunCompleteArgs":{"TestRunStatistics":{"ExecutedTests":4,"Stats":{"Passed":4}},"IsCanceled":false,"IsAborted":false,"Error":null,"AttachmentSets":[],"ElapsedTimeInRunningTests":"00:00:02.9420814","Metrics":{}},"LastRunTests":{"NewTestResults":[{"TestCase":{"Id":"568e947d-bdbb-5859-5362-ed8079656525","FullyQualifiedName":"xUnit.ContenedoresRest.ContainersTest.Containers_selectContainers_ContainersDespachados","DisplayName":"xUnit.ContenedoresRest.ContainersTest.Containers_selectContainers_ContainersDespachados","ExecutorUri":"executor://xunit/VsTestRunner2/netcoreapp","Source":"C:\\ContenedoresAPI\\xUnit.ContenedoresRest\\bin\\Debug\\net6.0\\fine-code-coverage\\build-output\\xUnit.ContenedoresRest.dll","CodeFilePath":null,"LineNumber":0,"Properties":[]},"Attachments":[],"Outcome":1,"ErrorMessage":null,"ErrorStackTrace":null,"DisplayName":"xUnit.ContenedoresRest.ContainersTest.Containers_selectContainers_ContainersDespachados","Messages":[],"ComputerName":"DESKTOP-OVQI1HH","Duration":"00:00:01.5447933","StartTime":"2022-08-26T20:08:02.3503034+00:00","EndTime":"2022-08-26T20:08:02.3503205+00:00","Properties":[]},{"TestCase":{"Id":"0e2baae1-90b0-0d90-8c74-de2f9cd3e8b1","FullyQualifiedName":"xUnit.ContenedoresRest.ContainersTest.Containers_selectContainers_ContainersTransportCostCero","DisplayName":"xUnit.ContenedoresRest.ContainersTest.Containers_selectContainers_ContainersTransportCostCero","ExecutorUri":"executor://xunit/VsTestRunner2/netcoreapp","Source":"C:\\ContenedoresAPI\\xUnit.ContenedoresRest\\bin\\Debug\\net6.0\\fine-code-coverage\\build-output\\xUnit.ContenedoresRest.dll","CodeFilePath":null,"LineNumber":0,"Properties":[]},"Attachments":[],"Outcome":1,"ErrorMessage":null,"ErrorStackTrace":null,"DisplayName":"xUnit.ContenedoresRest.ContainersTest.Containers_selectContainers_ContainersTransportCostCero","Messages":[],"ComputerName":"DESKTOP-OVQI1HH","Duration":"00:00:00.0002436","StartTime":"2022-08-26T20:08:02.3685669+00:00","EndTime":"2022-08-26T20:08:02.3685671+00:00","Properties":[]},{"TestCase":{"Id":"8b3e767c-b101-a4b6-6c64-75065759756f","FullyQualifiedName":"xUnit.ContenedoresRest.ContainersTest.Containers_GetStats","DisplayName":"xUnit.ContenedoresRest.ContainersTest.Containers_GetStats","ExecutorUri":"executor://xunit/VsTestRunner2/netcoreapp","Source":"C:\\ContenedoresAPI\\xUnit.ContenedoresRest\\bin\\Debug\\net6.0\\fine-code-coverage\\build-output\\xUnit.ContenedoresRest.dll","CodeFilePath":null,"LineNumber":0,"Properties":[]},"Attachments":[],"Outcome":1,"ErrorMessage":null,"ErrorStackTrace":null,"DisplayName":"xUnit.ContenedoresRest.ContainersTest.Containers_GetStats","Messages":[],"ComputerName":"DESKTOP-OVQI1HH","Duration":"00:00:00.4015664","StartTime":"2022-08-26T20:08:02.7511506+00:00","EndTime":"2022-08-26T20:08:02.7511509+00:00","Properties":[]},{"TestCase":{"Id":"89e14069-c13c-469e-89e0-c7cac338c4fe","FullyQualifiedName":"xUnit.ContenedoresRest.ContainersTest.Containers_selectContainers_ContainersBudgetCero","DisplayName":"xUnit.ContenedoresRest.ContainersTest.Containers_selectContainers_ContainersBudgetCero","ExecutorUri":"executor://xunit/VsTestRunner2/netcoreapp","Source":"C:\\ContenedoresAPI\\xUnit.ContenedoresRest\\bin\\Debug\\net6.0\\fine-code-coverage\\build-output\\xUnit.ContenedoresRest.dll","CodeFilePath":null,"LineNumber":0,"Properties":[]},"Attachments":[],"Outcome":1,"ErrorMessage":null,"ErrorStackTrace":null,"DisplayName":"xUnit.ContenedoresRest.ContainersTest.Containers_selectContainers_ContainersBudgetCero","Messages":[],"ComputerName":"DESKTOP-OVQI1HH","Duration":"00:00:00.0001949","StartTime":"2022-08-26T20:08:02.7542647+00:00","EndTime":"2022-08-26T20:08:02.754265+00:00","Properties":[]}],"TestRunStatistics":{"ExecutedTests":4,"Stats":{"Passed":4}},"ActiveTests":[]},"RunAttachments":[],"ExecutorUris":["executor://xunit/VsTestRunner2/netcoreapp"]}}
TpTrace Verbose: 0 : 3208, 4, 2022/08/26, 15:08:02.777, 2494267858407, testhost.dll, BaseRunTests.RunTests: Run is complete.
TpTrace Verbose: 0 : 3208, 10, 2022/08/26, 15:08:02.779, 2494267877237, testhost.dll, TcpClientExtensions.MessageLoopAsync: NotifyDataAvailable remoteEndPoint: [::ffff:127.0.0.1]:60291 localEndPoint: [::ffff:127.0.0.1]:60292
TpTrace Information: 0 : 3208, 10, 2022/08/26, 15:08:02.779, 2494267879184, testhost.dll, TestRequestHandler.OnMessageReceived: received message: (TestSession.Terminate) -> null
TpTrace Information: 0 : 3208, 10, 2022/08/26, 15:08:02.779, 2494267879698, testhost.dll, Session End message received from server. Closing the connection.
TpTrace Information: 0 : 3208, 10, 2022/08/26, 15:08:02.779, 2494267882843, testhost.dll, SocketClient.Stop: Stop communication from server endpoint: 127.0.0.1:060291
TpTrace Information: 0 : 3208, 10, 2022/08/26, 15:08:02.779, 2494267883533, testhost.dll, SocketClient: Stop: Cancellation requested. Stopping message loop.
TpTrace Verbose: 0 : 3208, 10, 2022/08/26, 15:08:02.779, 2494267884301, testhost.dll, LengthPrefixCommunicationChannel.Dispose: Dispose reader and writer.
TpTrace Information: 0 : 3208, 10, 2022/08/26, 15:08:02.779, 2494267884605, testhost.dll, Closing the connection !
TpTrace Information: 0 : 3208, 10, 2022/08/26, 15:08:02.780, 2494267886028, testhost.dll, SocketClient.PrivateStop: Stop communication from server endpoint: 127.0.0.1:060291, error:
TpTrace Verbose: 0 : 3208, 10, 2022/08/26, 15:08:02.780, 2494267892257, testhost.dll, LengthPrefixCommunicationChannel.Dispose: Dispose reader and writer.
TpTrace Verbose: 0 : 3208, 10, 2022/08/26, 15:08:02.780, 2494267892753, testhost.dll, TcpClientExtensions.MessageLoopAsync: exiting MessageLoopAsync remoteEndPoint: [::ffff:127.0.0.1]:60291 localEndPoint: [::ffff:127.0.0.1]:60292
TpTrace Information: 0 : 3208, 1, 2022/08/26, 15:08:02.780, 2494267893035, testhost.dll, Closing the connection !
TpTrace Information: 0 : 3208, 1, 2022/08/26, 15:08:02.780, 2494267894405, testhost.dll, SocketClient.Stop: Stop communication from server endpoint: 127.0.0.1:060291
TpTrace Verbose: 0 : 3208, 1, 2022/08/26, 15:08:02.780, 2494267894870, testhost.dll, LengthPrefixCommunicationChannel.Dispose: Dispose reader and writer.
TpTrace Information: 0 : 3208, 1, 2022/08/26, 15:08:02.781, 2494267896097, testhost.dll, Testhost process exiting.
